# This is the CMakeCache file.
# For build in directory: /home/ammar/work/cutlass_learninig/build
# It was generated by CMake: /usr/bin/cmake
# You can edit this file to change values found and used by cmake.
# If you do not want to change any of the values, simply exit the editor.
# If you do want to change a value, simply edit, save, and exit the editor.
# The syntax for the file is as follows:
# KEY:TYPE=VALUE
# KEY is the name of a variable in the cache.
# TYPE is a hint to GUIs for the type of VALUE, DO NOT EDIT TYPE!.
# VALUE is the current value for the KEY.

########################
# EXTERNAL cache entries
########################

//Build the testing tree.
BUILD_TESTING:BOOL=ON

//Build CUTLASS tools
BUILD_TOOLS:BOOL=OFF

//Path to a program.
CMAKE_ADDR2LINE:FILEPATH=/usr/bin/addr2line

//Path to a program.
CMAKE_AR:FILEPATH=/usr/bin/ar

//Choose the type of build, options are: None Debug Release RelWithDebInfo
// MinSizeRel ...
CMAKE_BUILD_TYPE:STRING=Release

//Enable/Disable color output during build.
CMAKE_COLOR_MAKEFILE:BOOL=ON

//CUDA architectures
CMAKE_CUDA_ARCHITECTURES:STRING=75

//CUDA compiler
CMAKE_CUDA_COMPILER:FILEPATH=/usr/local/cuda/bin/nvcc

//Flags used by the CUDA compiler during all build types.
CMAKE_CUDA_FLAGS:STRING=

//Flags used by the CUDA compiler during DEBUG builds.
CMAKE_CUDA_FLAGS_DEBUG:STRING=-g

//Flags used by the CUDA compiler during MINSIZEREL builds.
CMAKE_CUDA_FLAGS_MINSIZEREL:STRING=-O1 -DNDEBUG

//Flags used by the CUDA compiler during RELEASE builds.
CMAKE_CUDA_FLAGS_RELEASE:STRING=-O3 -DNDEBUG

//Flags used by the CUDA compiler during RELWITHDEBINFO builds.
CMAKE_CUDA_FLAGS_RELWITHDEBINFO:STRING=-O2 -g -DNDEBUG

//CXX compiler
CMAKE_CXX_COMPILER:FILEPATH=/usr/lib64/ccache/c++

//A wrapper around 'ar' adding the appropriate '--plugin' option
// for the GCC compiler
CMAKE_CXX_COMPILER_AR:FILEPATH=/usr/bin/gcc-ar

//A wrapper around 'ranlib' adding the appropriate '--plugin' option
// for the GCC compiler
CMAKE_CXX_COMPILER_RANLIB:FILEPATH=/usr/bin/gcc-ranlib

//Flags used by the CXX compiler during all build types.
CMAKE_CXX_FLAGS:STRING=

//Flags used by the CXX compiler during DEBUG builds.
CMAKE_CXX_FLAGS_DEBUG:STRING=-g

//Flags used by the CXX compiler during MINSIZEREL builds.
CMAKE_CXX_FLAGS_MINSIZEREL:STRING=-Os -DNDEBUG

//Flags used by the CXX compiler during RELEASE builds.
CMAKE_CXX_FLAGS_RELEASE:STRING=-O3 -DNDEBUG

//Flags used by the CXX compiler during RELWITHDEBINFO builds.
CMAKE_CXX_FLAGS_RELWITHDEBINFO:STRING=-O2 -g -DNDEBUG

//Path to a program.
CMAKE_DLLTOOL:FILEPATH=CMAKE_DLLTOOL-NOTFOUND

//Flags used by the linker during all build types.
CMAKE_EXE_LINKER_FLAGS:STRING=

//Flags used by the linker during DEBUG builds.
CMAKE_EXE_LINKER_FLAGS_DEBUG:STRING=

//Flags used by the linker during MINSIZEREL builds.
CMAKE_EXE_LINKER_FLAGS_MINSIZEREL:STRING=

//Flags used by the linker during RELEASE builds.
CMAKE_EXE_LINKER_FLAGS_RELEASE:STRING=

//Flags used by the linker during RELWITHDEBINFO builds.
CMAKE_EXE_LINKER_FLAGS_RELWITHDEBINFO:STRING=

//Enable/Disable output of compile commands during generation.
CMAKE_EXPORT_COMPILE_COMMANDS:BOOL=

//Value Computed by CMake.
CMAKE_FIND_PACKAGE_REDIRECTS_DIR:STATIC=/home/ammar/work/cutlass_learninig/build/CMakeFiles/pkgRedirects

//User executables (bin)
CMAKE_INSTALL_BINDIR:PATH=bin

//Read-only architecture-independent data (DATAROOTDIR)
CMAKE_INSTALL_DATADIR:PATH=

//Read-only architecture-independent data root (share)
CMAKE_INSTALL_DATAROOTDIR:PATH=share

//Documentation root (DATAROOTDIR/doc/PROJECT_NAME)
CMAKE_INSTALL_DOCDIR:PATH=

//C header files (include)
CMAKE_INSTALL_INCLUDEDIR:PATH=include

//Info documentation (DATAROOTDIR/info)
CMAKE_INSTALL_INFODIR:PATH=

//Object code libraries (lib64)
CMAKE_INSTALL_LIBDIR:PATH=lib64

//Program executables (libexec)
CMAKE_INSTALL_LIBEXECDIR:PATH=libexec

//Locale-dependent data (DATAROOTDIR/locale)
CMAKE_INSTALL_LOCALEDIR:PATH=

//Modifiable single-machine data (var)
CMAKE_INSTALL_LOCALSTATEDIR:PATH=var

//Man documentation (DATAROOTDIR/man)
CMAKE_INSTALL_MANDIR:PATH=

//C header files for non-gcc (/usr/include)
CMAKE_INSTALL_OLDINCLUDEDIR:PATH=/usr/include

//Install path prefix, prepended onto install directories.
CMAKE_INSTALL_PREFIX:PATH=/usr/local

//Run-time variable data (LOCALSTATEDIR/run)
CMAKE_INSTALL_RUNSTATEDIR:PATH=

//System admin executables (sbin)
CMAKE_INSTALL_SBINDIR:PATH=sbin

//Modifiable architecture-independent data (com)
CMAKE_INSTALL_SHAREDSTATEDIR:PATH=com

//Read-only single-machine data (etc)
CMAKE_INSTALL_SYSCONFDIR:PATH=etc

//Path to a program.
CMAKE_LINKER:FILEPATH=/usr/bin/ld

//Path to a program.
CMAKE_MAKE_PROGRAM:FILEPATH=/usr/bin/gmake

//Flags used by the linker during the creation of modules during
// all build types.
CMAKE_MODULE_LINKER_FLAGS:STRING=

//Flags used by the linker during the creation of modules during
// DEBUG builds.
CMAKE_MODULE_LINKER_FLAGS_DEBUG:STRING=

//Flags used by the linker during the creation of modules during
// MINSIZEREL builds.
CMAKE_MODULE_LINKER_FLAGS_MINSIZEREL:STRING=

//Flags used by the linker during the creation of modules during
// RELEASE builds.
CMAKE_MODULE_LINKER_FLAGS_RELEASE:STRING=

//Flags used by the linker during the creation of modules during
// RELWITHDEBINFO builds.
CMAKE_MODULE_LINKER_FLAGS_RELWITHDEBINFO:STRING=

//Path to a program.
CMAKE_NM:FILEPATH=/usr/bin/nm

//Path to a program.
CMAKE_OBJCOPY:FILEPATH=/usr/bin/objcopy

//Path to a program.
CMAKE_OBJDUMP:FILEPATH=/usr/bin/objdump

//Value Computed by CMake
CMAKE_PROJECT_DESCRIPTION:STATIC=

//Value Computed by CMake
CMAKE_PROJECT_HOMEPAGE_URL:STATIC=

//Value Computed by CMake
CMAKE_PROJECT_NAME:STATIC=CutlassLearning

//Value Computed by CMake
CMAKE_PROJECT_VERSION:STATIC=4.3.5

//Value Computed by CMake
CMAKE_PROJECT_VERSION_MAJOR:STATIC=4

//Value Computed by CMake
CMAKE_PROJECT_VERSION_MINOR:STATIC=3

//Value Computed by CMake
CMAKE_PROJECT_VERSION_PATCH:STATIC=5

//Value Computed by CMake
CMAKE_PROJECT_VERSION_TWEAK:STATIC=

//Path to a program.
CMAKE_RANLIB:FILEPATH=/usr/bin/ranlib

//Path to a program.
CMAKE_READELF:FILEPATH=/usr/bin/readelf

//Flags used by the linker during the creation of shared libraries
// during all build types.
CMAKE_SHARED_LINKER_FLAGS:STRING=

//Flags used by the linker during the creation of shared libraries
// during DEBUG builds.
CMAKE_SHARED_LINKER_FLAGS_DEBUG:STRING=

//Flags used by the linker during the creation of shared libraries
// during MINSIZEREL builds.
CMAKE_SHARED_LINKER_FLAGS_MINSIZEREL:STRING=

//Flags used by the linker during the creation of shared libraries
// during RELEASE builds.
CMAKE_SHARED_LINKER_FLAGS_RELEASE:STRING=

//Flags used by the linker during the creation of shared libraries
// during RELWITHDEBINFO builds.
CMAKE_SHARED_LINKER_FLAGS_RELWITHDEBINFO:STRING=

//If set, runtime paths are not added when installing shared libraries,
// but are added when building.
CMAKE_SKIP_INSTALL_RPATH:BOOL=NO

//If set, runtime paths are not added when using shared libraries.
CMAKE_SKIP_RPATH:BOOL=NO

//Flags used by the linker during the creation of static libraries
// during all build types.
CMAKE_STATIC_LINKER_FLAGS:STRING=

//Flags used by the linker during the creation of static libraries
// during DEBUG builds.
CMAKE_STATIC_LINKER_FLAGS_DEBUG:STRING=

//Flags used by the linker during the creation of static libraries
// during MINSIZEREL builds.
CMAKE_STATIC_LINKER_FLAGS_MINSIZEREL:STRING=

//Flags used by the linker during the creation of static libraries
// during RELEASE builds.
CMAKE_STATIC_LINKER_FLAGS_RELEASE:STRING=

//Flags used by the linker during the creation of static libraries
// during RELWITHDEBINFO builds.
CMAKE_STATIC_LINKER_FLAGS_RELWITHDEBINFO:STRING=

//Path to a program.
CMAKE_STRIP:FILEPATH=/usr/bin/strip

//Path to a program.
CMAKE_TAPI:FILEPATH=CMAKE_TAPI-NOTFOUND

//Test root install location, relative to CMAKE_INSTALL_PREFIX.
CMAKE_TEST_INSTALL_PREFIX:STRING=test

//If this value is on, makefiles will be generated without the
// .SILENT directive, and all commands will be echoed to the console
// during the make.  This is useful for debugging only. With Visual
// Studio IDE projects all commands are done without /nologo.
CMAKE_VERBOSE_MAKEFILE:BOOL=FALSE

//Path to the coverage program that CTest uses for performing coverage
// inspection
COVERAGE_COMMAND:FILEPATH=/usr/local/bin/gcov

//Extra command line flags to pass to the coverage tool
COVERAGE_EXTRA_FLAGS:STRING=-l

//Enable to build Debian packages
CPACK_BINARY_DEB:BOOL=OFF

//Enable to build FreeBSD packages
CPACK_BINARY_FREEBSD:BOOL=OFF

//Enable to build IFW packages
CPACK_BINARY_IFW:BOOL=OFF

//Enable to build NSIS packages
CPACK_BINARY_NSIS:BOOL=OFF

//Enable to build RPM packages
CPACK_BINARY_RPM:BOOL=OFF

//Enable to build STGZ packages
CPACK_BINARY_STGZ:BOOL=ON

//Enable to build TBZ2 packages
CPACK_BINARY_TBZ2:BOOL=OFF

//Enable to build TGZ packages
CPACK_BINARY_TGZ:BOOL=ON

//Enable to build TXZ packages
CPACK_BINARY_TXZ:BOOL=OFF

//Enable to build TZ packages
CPACK_BINARY_TZ:BOOL=ON

//Enable to build RPM source packages
CPACK_SOURCE_RPM:BOOL=OFF

//Enable to build TBZ2 source packages
CPACK_SOURCE_TBZ2:BOOL=ON

//Enable to build TGZ source packages
CPACK_SOURCE_TGZ:BOOL=ON

//Enable to build TXZ source packages
CPACK_SOURCE_TXZ:BOOL=ON

//Enable to build TZ source packages
CPACK_SOURCE_TZ:BOOL=ON

//Enable to build ZIP source packages
CPACK_SOURCE_ZIP:BOOL=OFF

//How many times to retry timed-out CTest submissions.
CTEST_SUBMIT_RETRY_COUNT:STRING=3

//How long to wait between timed-out CTest submissions.
CTEST_SUBMIT_RETRY_DELAY:STRING=5

//Path to a library.
CUDART_LIBRARY:FILEPATH=/usr/local/cuda/lib64/libcudart.so

//Path to a file.
CUDAToolkit_CUPTI_INCLUDE_DIR:PATH=/usr/local/cuda/targets/x86_64-linux/include/../../../extras/CUPTI/include

//Path to a library.
CUDAToolkit_rt_LIBRARY:FILEPATH=/usr/lib64/librt.a

//Compile device code in 64 bit mode
CUDA_64_BIT_DEVICE_CODE:BOOL=ON

//Attach the build rule to the CUDA source file.  Enable only when
// the CUDA source file is added to at most one target.
CUDA_ATTACH_VS_BUILD_RULE_TO_CUDA_FILE:BOOL=ON

//Generate and parse .cubin files in Device mode.
CUDA_BUILD_CUBIN:BOOL=OFF

//Build in Emulation mode
CUDA_BUILD_EMULATION:BOOL=OFF

//Path to a library.
CUDA_CUDART:FILEPATH=/usr/local/cuda/lib64/libcudart.so

//"cudart" library
CUDA_CUDART_LIBRARY:FILEPATH=/usr/local/cuda/lib64/libcudart.so

//"cuda" library (older versions only).
CUDA_CUDA_LIBRARY:FILEPATH=/usr/lib64/libcuda.so

//Path to a library.
CUDA_DRIVER_LIBRARY:FILEPATH=/usr/local/cuda/lib64/stubs/libcuda.so

//Directory to put all the output files.  If blank it will default
// to the CMAKE_CURRENT_BINARY_DIR
CUDA_GENERATED_OUTPUT_DIR:PATH=

//Generated file extension
CUDA_HOST_COMPILATION_CPP:BOOL=ON

//Host side compiler used by NVCC
CUDA_HOST_COMPILER:FILEPATH=

//Path to a program.
CUDA_NVCC_EXECUTABLE:FILEPATH=/usr/local/cuda/bin/nvcc

//Semi-colon delimit multiple arguments. during all build types.
CUDA_NVCC_FLAGS:STRING=

//Semi-colon delimit multiple arguments. during DEBUG builds.
CUDA_NVCC_FLAGS_DEBUG:STRING=

//Semi-colon delimit multiple arguments. during MINSIZEREL builds.
CUDA_NVCC_FLAGS_MINSIZEREL:STRING=

//Semi-colon delimit multiple arguments. during RELEASE builds.
CUDA_NVCC_FLAGS_RELEASE:STRING=

//Semi-colon delimit multiple arguments. during RELWITHDEBINFO
// builds.
CUDA_NVCC_FLAGS_RELWITHDEBINFO:STRING=

//"OpenCL" library
CUDA_OpenCL_LIBRARY:FILEPATH=/usr/local/cuda/lib64/libOpenCL.so

//Propagate C/CXX_FLAGS and friends to the host compiler via -Xcompile
CUDA_PROPAGATE_HOST_FLAGS:BOOL=ON

//Path to a file.
CUDA_SDK_ROOT_DIR:PATH=CUDA_SDK_ROOT_DIR-NOTFOUND

//Compile CUDA objects with separable compilation enabled.  Requires
// CUDA 5.0+
CUDA_SEPARABLE_COMPILATION:BOOL=OFF

//Path to a file.
CUDA_TOOLKIT_INCLUDE:PATH=/usr/local/cuda/include

//Toolkit location.
CUDA_TOOLKIT_ROOT_DIR:PATH=/usr/local/cuda

//Use the static version of the CUDA runtime library if available
CUDA_USE_STATIC_CUDA_RUNTIME:BOOL=ON

//Print out the commands run while compiling the CUDA source file.
//  With the Makefile generator this defaults to VERBOSE variable
// specified on the command line, but can be forced on with this
// option.
CUDA_VERBOSE_BUILD:BOOL=OFF

//Version of CUDA as computed from nvcc.
CUDA_VERSION:STRING=13.1

//Path to a library.
CUDA_cuFile_LIBRARY:FILEPATH=/usr/local/cuda-13.1/targets/x86_64-linux/lib/libcufile.so

//Path to a library.
CUDA_cuFile_rdma_LIBRARY:FILEPATH=/usr/local/cuda-13.1/targets/x86_64-linux/lib/libcufile_rdma.so

//Path to a library.
CUDA_cuFile_rdma_static_LIBRARY:FILEPATH=/usr/local/cuda-13.1/targets/x86_64-linux/lib/libcufile_rdma_static.a

//Path to a library.
CUDA_cuFile_static_LIBRARY:FILEPATH=/usr/local/cuda-13.1/targets/x86_64-linux/lib/libcufile_static.a

//Path to a library.
CUDA_cublasLt_LIBRARY:FILEPATH=/usr/local/cuda-13.1/targets/x86_64-linux/lib/libcublasLt.so

//Path to a library.
CUDA_cublasLt_static_LIBRARY:FILEPATH=/usr/local/cuda-13.1/targets/x86_64-linux/lib/libcublasLt_static.a

//"cublas" library
CUDA_cublas_LIBRARY:FILEPATH=/usr/local/cuda/lib64/libcublas.so

//Path to a library.
CUDA_cublas_static_LIBRARY:FILEPATH=/usr/local/cuda-13.1/targets/x86_64-linux/lib/libcublas_static.a

//Path to a library.
CUDA_cuda_driver_LIBRARY:FILEPATH=/usr/local/cuda/targets/x86_64-linux/lib/stubs/libcuda.so

//"cudadevrt" library
CUDA_cudadevrt_LIBRARY:FILEPATH=/usr/local/cuda/lib64/libcudadevrt.a

//Path to a library.
CUDA_cudart_LIBRARY:FILEPATH=/usr/local/cuda-13.1/targets/x86_64-linux/lib/libcudart.so

//static CUDA runtime library
CUDA_cudart_static_LIBRARY:FILEPATH=/usr/local/cuda/lib64/libcudart_static.a

//Path to a library.
CUDA_cudla_LIBRARY:FILEPATH=CUDA_cudla_LIBRARY-NOTFOUND

//"cufft" library
CUDA_cufft_LIBRARY:FILEPATH=/usr/local/cuda/lib64/libcufft.so

//Path to a library.
CUDA_cufft_static_LIBRARY:FILEPATH=/usr/local/cuda-13.1/targets/x86_64-linux/lib/libcufft_static.a

//Path to a library.
CUDA_cufft_static_nocallback_LIBRARY:FILEPATH=CUDA_cufft_static_nocallback_LIBRARY-NOTFOUND

//Path to a library.
CUDA_cufftw_LIBRARY:FILEPATH=/usr/local/cuda-13.1/targets/x86_64-linux/lib/libcufftw.so

//Path to a library.
CUDA_cufftw_static_LIBRARY:FILEPATH=/usr/local/cuda-13.1/targets/x86_64-linux/lib/libcufftw_static.a

//Path to a library.
CUDA_culibos_LIBRARY:FILEPATH=/usr/local/cuda-13.1/targets/x86_64-linux/lib/libculibos.a

//"cupti" library
CUDA_cupti_LIBRARY:FILEPATH=/usr/local/cuda/extras/CUPTI/lib64/libcupti.so

//Path to a library.
CUDA_cupti_static_LIBRARY:FILEPATH=/usr/local/cuda-13.1/targets/x86_64-linux/lib/../../../extras/CUPTI/lib64/libcupti_static.a

//"curand" library
CUDA_curand_LIBRARY:FILEPATH=/usr/local/cuda/lib64/libcurand.so

//Path to a library.
CUDA_curand_static_LIBRARY:FILEPATH=/usr/local/cuda-13.1/targets/x86_64-linux/lib/libcurand_static.a

//"cusolver" library
CUDA_cusolver_LIBRARY:FILEPATH=/usr/local/cuda/lib64/libcusolver.so

//Path to a library.
CUDA_cusolver_lapack_static_LIBRARY:FILEPATH=/usr/local/cuda-13.1/targets/x86_64-linux/lib/libcusolver_lapack_static.a

//Path to a library.
CUDA_cusolver_metis_static_LIBRARY:FILEPATH=/usr/local/cuda-13.1/targets/x86_64-linux/lib/libcusolver_metis_static.a

//Path to a library.
CUDA_cusolver_static_LIBRARY:FILEPATH=/usr/local/cuda-13.1/targets/x86_64-linux/lib/libcusolver_static.a

//"cusparse" library
CUDA_cusparse_LIBRARY:FILEPATH=/usr/local/cuda/lib64/libcusparse.so

//Path to a library.
CUDA_cusparse_static_LIBRARY:FILEPATH=/usr/local/cuda-13.1/targets/x86_64-linux/lib/libcusparse_static.a

//"nppc" library
CUDA_nppc_LIBRARY:FILEPATH=/usr/local/cuda/lib64/libnppc.so

//Path to a library.
CUDA_nppc_static_LIBRARY:FILEPATH=/usr/local/cuda-13.1/targets/x86_64-linux/lib/libnppc_static.a

//"nppial" library
CUDA_nppial_LIBRARY:FILEPATH=/usr/local/cuda/lib64/libnppial.so

//Path to a library.
CUDA_nppial_static_LIBRARY:FILEPATH=/usr/local/cuda-13.1/targets/x86_64-linux/lib/libnppial_static.a

//"nppicc" library
CUDA_nppicc_LIBRARY:FILEPATH=/usr/local/cuda/lib64/libnppicc.so

//Path to a library.
CUDA_nppicc_static_LIBRARY:FILEPATH=/usr/local/cuda-13.1/targets/x86_64-linux/lib/libnppicc_static.a

//Path to a library.
CUDA_nppicom_LIBRARY:FILEPATH=CUDA_nppicom_LIBRARY-NOTFOUND

//Path to a library.
CUDA_nppicom_static_LIBRARY:FILEPATH=CUDA_nppicom_static_LIBRARY-NOTFOUND

//"nppidei" library
CUDA_nppidei_LIBRARY:FILEPATH=/usr/local/cuda/lib64/libnppidei.so

//Path to a library.
CUDA_nppidei_static_LIBRARY:FILEPATH=/usr/local/cuda-13.1/targets/x86_64-linux/lib/libnppidei_static.a

//"nppif" library
CUDA_nppif_LIBRARY:FILEPATH=/usr/local/cuda/lib64/libnppif.so

//Path to a library.
CUDA_nppif_static_LIBRARY:FILEPATH=/usr/local/cuda-13.1/targets/x86_64-linux/lib/libnppif_static.a

//"nppig" library
CUDA_nppig_LIBRARY:FILEPATH=/usr/local/cuda/lib64/libnppig.so

//Path to a library.
CUDA_nppig_static_LIBRARY:FILEPATH=/usr/local/cuda-13.1/targets/x86_64-linux/lib/libnppig_static.a

//"nppim" library
CUDA_nppim_LIBRARY:FILEPATH=/usr/local/cuda/lib64/libnppim.so

//Path to a library.
CUDA_nppim_static_LIBRARY:FILEPATH=/usr/local/cuda-13.1/targets/x86_64-linux/lib/libnppim_static.a

//"nppist" library
CUDA_nppist_LIBRARY:FILEPATH=/usr/local/cuda/lib64/libnppist.so

//Path to a library.
CUDA_nppist_static_LIBRARY:FILEPATH=/usr/local/cuda-13.1/targets/x86_64-linux/lib/libnppist_static.a

//"nppisu" library
CUDA_nppisu_LIBRARY:FILEPATH=/usr/local/cuda/lib64/libnppisu.so

//Path to a library.
CUDA_nppisu_static_LIBRARY:FILEPATH=/usr/local/cuda-13.1/targets/x86_64-linux/lib/libnppisu_static.a

//"nppitc" library
CUDA_nppitc_LIBRARY:FILEPATH=/usr/local/cuda/lib64/libnppitc.so

//Path to a library.
CUDA_nppitc_static_LIBRARY:FILEPATH=/usr/local/cuda-13.1/targets/x86_64-linux/lib/libnppitc_static.a

//"npps" library
CUDA_npps_LIBRARY:FILEPATH=/usr/local/cuda/lib64/libnpps.so

//Path to a library.
CUDA_npps_static_LIBRARY:FILEPATH=/usr/local/cuda-13.1/targets/x86_64-linux/lib/libnpps_static.a

//Path to a library.
CUDA_nvJitLink_LIBRARY:FILEPATH=/usr/local/cuda-13.1/targets/x86_64-linux/lib/libnvJitLink.so

//Path to a library.
CUDA_nvJitLink_static_LIBRARY:FILEPATH=/usr/local/cuda-13.1/targets/x86_64-linux/lib/libnvJitLink_static.a

//"nvToolsExt" library
CUDA_nvToolsExt_LIBRARY:FILEPATH=CUDA_nvToolsExt_LIBRARY-NOTFOUND

//Path to a library.
CUDA_nvfatbin_LIBRARY:FILEPATH=/usr/local/cuda-13.1/targets/x86_64-linux/lib/libnvfatbin.so

//Path to a library.
CUDA_nvfatbin_static_LIBRARY:FILEPATH=/usr/local/cuda-13.1/targets/x86_64-linux/lib/libnvfatbin_static.a

//Path to a library.
CUDA_nvgraph_LIBRARY:FILEPATH=CUDA_nvgraph_LIBRARY-NOTFOUND

//Path to a library.
CUDA_nvgraph_static_LIBRARY:FILEPATH=CUDA_nvgraph_static_LIBRARY-NOTFOUND

//Path to a library.
CUDA_nvjpeg_LIBRARY:FILEPATH=/usr/local/cuda-13.1/targets/x86_64-linux/lib/libnvjpeg.so

//Path to a library.
CUDA_nvjpeg_static_LIBRARY:FILEPATH=/usr/local/cuda-13.1/targets/x86_64-linux/lib/libnvjpeg_static.a

//Path to a library.
CUDA_nvml_LIBRARY:FILEPATH=/usr/local/cuda/targets/x86_64-linux/lib/stubs/libnvidia-ml.so

//Path to a library.
CUDA_nvml_static_LIBRARY:FILEPATH=/usr/local/cuda/targets/x86_64-linux/lib/stubs/libnvidia-ml.a

//Path to a library.
CUDA_nvperf_host_LIBRARY:FILEPATH=/usr/local/cuda-13.1/targets/x86_64-linux/lib/../../../extras/CUPTI/lib64/libnvperf_host.so

//Path to a library.
CUDA_nvperf_host_static_LIBRARY:FILEPATH=/usr/local/cuda-13.1/targets/x86_64-linux/lib/../../../extras/CUPTI/lib64/libnvperf_host_static.a

//Path to a library.
CUDA_nvperf_target_LIBRARY:FILEPATH=/usr/local/cuda-13.1/targets/x86_64-linux/lib/../../../extras/CUPTI/lib64/libnvperf_target.so

//Path to a library.
CUDA_nvptxcompiler_static_LIBRARY:FILEPATH=/usr/local/cuda-13.1/targets/x86_64-linux/lib/libnvptxcompiler_static.a

//Path to a library.
CUDA_nvrtc_LIBRARY:FILEPATH=/usr/local/cuda-13.1/targets/x86_64-linux/lib/libnvrtc.so

//Path to a library.
CUDA_nvrtc_builtins_LIBRARY:FILEPATH=/usr/local/cuda-13.1/targets/x86_64-linux/lib/libnvrtc-builtins.so

//Path to a library.
CUDA_nvrtc_builtins_static_LIBRARY:FILEPATH=/usr/local/cuda-13.1/targets/x86_64-linux/lib/libnvrtc-builtins_static.a

//Path to a library.
CUDA_nvrtc_static_LIBRARY:FILEPATH=/usr/local/cuda-13.1/targets/x86_64-linux/lib/libnvrtc_static.a

//Path to a library.
CUDA_pcsamplingutil_LIBRARY:FILEPATH=/usr/local/cuda-13.1/targets/x86_64-linux/lib/../../../extras/CUPTI/lib64/libpcsamplingutil.so

//Path to a library.
CUDA_rt_LIBRARY:FILEPATH=/usr/lib64/librt.a

//Value Computed by CMake
CUTLASS_BINARY_DIR:STATIC=/home/ammar/work/cutlass_learninig/build/cutlass-build

//Utilize profiler-based functional regressions
CUTLASS_BUILD_FOR_PROFILER_REGRESSIONS:BOOL=OFF

//Determines whether the cutlass library is generated as a single
// file or multiple files.
CUTLASS_BUILD_MONO_LIBRARY:BOOL=OFF

//Build shared libraries
CUTLASS_BUILD_SHARED_LIBS:BOOL=ON

//Build static libraries
CUTLASS_BUILD_STATIC_LIBS:BOOL=ON

//Enable/Disable rigorous conv problem sizes in conv unit tests
CUTLASS_CONV_UNIT_TEST_RIGOROUS_SIZE_ENABLED:BOOL=ON

//Enable CUDA response files for includes, libraries, and objects
CUTLASS_CUDA_USE_RESPONSE_FILE:BOOL=ON

//Level of debug tracing to perform.
CUTLASS_DEBUG_TRACE_LEVEL:STRING=0

//Default
//\n  activated test sets. In `make test` mode, this string determines
// the
//\n  active set of tests. In `ctest` mode, this value can be overriden
//\n  with CUTLASS_TEST_SETS environment variable when running the
// ctest
//\n  executable.
CUTLASS_DEFAULT_ACTIVE_TEST_SETS:STRING=default

//CUTLASS Repository Directory
CUTLASS_DIR:PATH=/home/ammar/work/cutlass_learninig/third_party/cutlass

//cuBLAS usage for tests
CUTLASS_ENABLE_CUBLAS:BOOL=OFF

//cuDNN usage for tests
CUTLASS_ENABLE_CUDNN:BOOL=OFF

//Use dot to generate graphs in the doxygen documentation.
CUTLASS_ENABLE_DOXYGEN_DOT:BOOL=ON

//Enable CUTLASS Examples
CUTLASS_ENABLE_EXAMPLES:BOOL=ON

//Enable F16C x86 extensions in host code.
CUTLASS_ENABLE_F16C:BOOL=OFF

//Enables Grid Dependency Control (GDC) for SM100 kernels (required
// for PDL).
CUTLASS_ENABLE_GDC_FOR_SM100:BOOL=ON

//Enable CUTLASS GTest-based Unit Tests
CUTLASS_ENABLE_GTEST_UNIT_TESTS:BOOL=OFF

//Enable only the header library
CUTLASS_ENABLE_HEADERS_ONLY:BOOL=OFF

//Enable CUTLASS Library
CUTLASS_ENABLE_LIBRARY:BOOL=ON

//Enable CUTLASS Performance
CUTLASS_ENABLE_PERFORMANCE:BOOL=ON

//Enable CUTLASS Profiler
CUTLASS_ENABLE_PROFILER:BOOL=ON

//Enable CUTLASS Profiler-based Unit Tests
CUTLASS_ENABLE_PROFILER_UNIT_TESTS:BOOL=OFF

//Enable CUTLASS check for self-contained header includes
CUTLASS_ENABLE_SELF_CONTAINED_INCLUDES_CHECK:BOOL=ON

//Enable an extended set of SM90 WGMMA instruction shapes (may
// lead to increased compilation times)
CUTLASS_ENABLE_SM90_EXTENDED_MMA_SHAPES:BOOL=OFF

//Enable synchronization event logging for race condition debugging.
// WARNING: This redefines __syncthreads() and __syncwarp() in
// all downstream code!
CUTLASS_ENABLE_SYNCLOG:BOOL=OFF

//Enable PTX mma instruction for collective matrix multiply operations.
CUTLASS_ENABLE_TENSOR_CORE_MMA:BOOL=ON

//Enable CUTLASS Tests
CUTLASS_ENABLE_TESTS:BOOL=OFF

//Enable CUTLASS Tools
CUTLASS_ENABLE_TOOLS:BOOL=ON

//Using GNU tools for host code compilation
CUTLASS_GNU_HOST_COMPILE:BOOL=ON

//CUTLASS Header Library
CUTLASS_INCLUDE_DIR:PATH=/home/ammar/work/cutlass_learninig/third_party/cutlass/include

//Install test executables
CUTLASS_INSTALL_TESTS:BOOL=ON

//Value Computed by CMake
CUTLASS_IS_TOP_LEVEL:STATIC=OFF

//Default postfix value for debug libraries
CUTLASS_LIBRARY_DEBUG_POSTFIX:STRING=.debug

//Comma-delimited list of kernels to exclude from build. This option
// always takes effect, whether or not CUTLASS_LIBRARY_KERNELS
// is set. It also can exclude kernels from the filter file (see
// KERNEL_FILTER_FILE).
CUTLASS_LIBRARY_EXCLUDE_KERNELS:STRING=

//Generated kernel listing file
CUTLASS_LIBRARY_GENERATED_KERNEL_LIST_FILE:STRING=/home/ammar/work/cutlass_learninig/build/cutlass-build/tools/library/generated_kernels.txt

//GPU to use for GEMM heuristics
CUTLASS_LIBRARY_HEURISTICS_GPU:STRING=

//Restrict heuristics kernels to only the default set of kernels
// emitted by generator.py
CUTLASS_LIBRARY_HEURISTICS_RESTRICT_KERNELS:BOOL=OFF

//Generated heuristics configs CSV
CUTLASS_LIBRARY_HEURISTICS_TESTLIST_FILE:STRING=/home/ammar/work/cutlass_learninig/build/cutlass-build/tools/library/heuristics.csv

//Comma-delimited list of kernels to exclude from build. This option
// ONLY takes effect if CUTLASS_LIBRARY_KERNELS is set.
CUTLASS_LIBRARY_IGNORE_KERNELS:STRING=

//Instantiation level for SM90 and SM100 kernels. Set to `max`
// and make sure CUTLASS_LIBRARY_KERNELS is non-empty to stamp
// all possible kernel configurations.
CUTLASS_LIBRARY_INSTANTIATION_LEVEL:STRING=

//Comma-delimited list of kernel name filters. If unspecified,
// only the largest tile size is enabled. If the string 'all' is
// specified, all kernels are enabled.
CUTLASS_LIBRARY_KERNELS:STRING=

//Comma-delimited list of operation name filters. Default '' means
// all operations are enabled.
CUTLASS_LIBRARY_OPERATIONS:STRING=all

//Top level namespace of CUTLASS
CUTLASS_NAMESPACE:STRING=cutlass

//The SM architectures requested.
CUTLASS_NVCC_ARCHS:STRING=70;72;75;80;86;87;89;90;90a;100;100a;120;120a;121;121a;110;110a;100f;120f;121f;103a;103f;110f;110;110a

//The SM architectures to build code for.
CUTLASS_NVCC_ARCHS_ENABLED:STRING=70;72;75;80;86;87;89;90;90a;100;100a;120;120a;121;121a;110;110a;100f;120f;121f;103a;103f;110f;110;110a

//Using nvcc tools for device compilation
CUTLASS_NVCC_DEVICE_COMPILE:BOOL=ON

//Embed compiled CUDA kernel binaries into executables.
CUTLASS_NVCC_EMBED_CUBIN:BOOL=ON

//Embed compiled PTX into executables.
CUTLASS_NVCC_EMBED_PTX:BOOL=ON

//Keep intermediate files generated by NVCC.
CUTLASS_NVCC_KEEP:BOOL=OFF

//Disable compilation of reference kernels in the CUTLASS profiler.
CUTLASS_PROFILER_DISABLE_REFERENCE:BOOL=OFF

//Profiler functional regression test level
CUTLASS_PROFILER_REGRESSION_TEST_LEVEL:STRING=0

//Disable init reduction workspace
CUTLASS_SKIP_REDUCTION_INIT:BOOL=OFF

//Value Computed by CMake
CUTLASS_SOURCE_DIR:STATIC=/home/ammar/work/cutlass_learninig/third_party/cutlass

//Enable caching and reuse of test results in unit tests
CUTLASS_TEST_ENABLE_CACHED_RESULTS:BOOL=ON

//Environment in which to invoke unit test executables
CUTLASS_TEST_EXECUTION_ENVIRONMENT:BOOL=

//Test root install location, relative to CMAKE_INSTALL_PREFIX.
CUTLASS_TEST_INSTALL_BINDIR:STRING=test/cutlass/bin

//Test root install location, relative to CMAKE_INSTALL_PREFIX.
CUTLASS_TEST_INSTALL_LIBDIR:STRING=test/cutlass/lib64

//Test root install location, relative to CMAKE_INSTALL_PREFIX.
CUTLASS_TEST_INSTALL_PREFIX:STRING=test/cutlass

//Level of tests to compile.
CUTLASS_TEST_LEVEL:STRING=0

//Enable warnings on waived unit tests.
CUTLASS_TEST_UNIT_ENABLE_WARNINGS:BOOL=OFF

//Batch size for unified source files
CUTLASS_UNITY_BUILD_BATCH_SIZE:STRING=16

//Enable combined source compilation
CUTLASS_UNITY_BUILD_ENABLED:BOOL=OFF

//Use system/external installation of GTest
CUTLASS_USE_SYSTEM_GOOGLETEST:BOOL=OFF

//Value Computed by CMake
CutlassLearning_BINARY_DIR:STATIC=/home/ammar/work/cutlass_learninig/build

//Value Computed by CMake
CutlassLearning_IS_TOP_LEVEL:STATIC=ON

//Value Computed by CMake
CutlassLearning_SOURCE_DIR:STATIC=/home/ammar/work/cutlass_learninig

//Maximum time allowed before CTest will kill the test.
DART_TESTING_TIMEOUT:STRING=1500

//Dot tool for use with Doxygen
DOXYGEN_DOT_EXECUTABLE:FILEPATH=/usr/bin/dot

//Doxygen documentation generation tool (https://www.doxygen.nl)
DOXYGEN_EXECUTABLE:FILEPATH=/usr/bin/doxygen

//Path to a program.
GITCOMMAND:FILEPATH=/usr/bin/git

//Do not explicitly specify -std=c++17 if set
IMPLICIT_CMAKE_CXX_STANDARD:BOOL=OFF

//KERNEL FILTER FILE FULL PATH
KERNEL_FILTER_FILE:STRING=

//Command to build the project
MAKECOMMAND:STRING=/usr/bin/cmake --build . --config "${CTEST_CONFIGURATION_TYPE}"

//Path to the memory checking command, used for memory error detection.
MEMORYCHECK_COMMAND:FILEPATH=/usr/bin/valgrind

//File that contains suppressions for the memory checker
MEMORYCHECK_SUPPRESSIONS_FILE:FILEPATH=

//Value Computed by CMake
Module3_BINARY_DIR:STATIC=/home/ammar/work/cutlass_learninig/build/module3

//Value Computed by CMake
Module3_IS_TOP_LEVEL:STATIC=OFF

//Value Computed by CMake
Module3_SOURCE_DIR:STATIC=/home/ammar/work/cutlass_learninig/module3

//Value Computed by CMake
Module4_BINARY_DIR:STATIC=/home/ammar/work/cutlass_learninig/build/module4

//Value Computed by CMake
Module4_IS_TOP_LEVEL:STATIC=OFF

//Value Computed by CMake
Module4_SOURCE_DIR:STATIC=/home/ammar/work/cutlass_learninig/module4

//Path to a library.
NVRTC_LIBRARY:FILEPATH=/usr/local/cuda/lib64/libnvrtc.so

//Name of the filtered kernel list
SELECTED_KERNEL_LIST:STRING=selected

//Name of the computer/site where compile is being run
SITE:STRING=fedora

//The directory containing a CMake configuration file for cutlass.
cutlass_DIR:PATH=cutlass_DIR-NOTFOUND

//Value Computed by CMake
cutlass_learning_BINARY_DIR:STATIC=/home/ammar/work/cutlass_learninig/build

//Value Computed by CMake
cutlass_learning_IS_TOP_LEVEL:STATIC=ON

//Value Computed by CMake
cutlass_learning_SOURCE_DIR:STATIC=/home/ammar/work/cutlass_learninig

//Value Computed by CMake
module5_BINARY_DIR:STATIC=/home/ammar/work/cutlass_learninig/build/module5

//Value Computed by CMake
module5_IS_TOP_LEVEL:STATIC=OFF

//Value Computed by CMake
module5_SOURCE_DIR:STATIC=/home/ammar/work/cutlass_learninig/module5

//Value Computed by CMake
module6_BINARY_DIR:STATIC=/home/ammar/work/cutlass_learninig/build/module6

//Value Computed by CMake
module6_IS_TOP_LEVEL:STATIC=OFF

//Value Computed by CMake
module6_SOURCE_DIR:STATIC=/home/ammar/work/cutlass_learninig/module6


########################
# INTERNAL cache entries
########################

//ADVANCED property for variable: CMAKE_ADDR2LINE
CMAKE_ADDR2LINE-ADVANCED:INTERNAL=1
//ADVANCED property for variable: CMAKE_AR
CMAKE_AR-ADVANCED:INTERNAL=1
//This is the directory where this CMakeCache.txt was created
CMAKE_CACHEFILE_DIR:INTERNAL=/home/ammar/work/cutlass_learninig/build
//Major version of cmake used to create the current loaded cache
CMAKE_CACHE_MAJOR_VERSION:INTERNAL=3
//Minor version of cmake used to create the current loaded cache
CMAKE_CACHE_MINOR_VERSION:INTERNAL=31
//Patch version of cmake used to create the current loaded cache
CMAKE_CACHE_PATCH_VERSION:INTERNAL=10
//ADVANCED property for variable: CMAKE_COLOR_MAKEFILE
CMAKE_COLOR_MAKEFILE-ADVANCED:INTERNAL=1
//Path to CMake executable.
CMAKE_COMMAND:INTERNAL=/usr/bin/cmake
//Path to cpack program executable.
CMAKE_CPACK_COMMAND:INTERNAL=/usr/bin/cpack
//ADVANCED property for variable: CMAKE_CTEST_COMMAND
CMAKE_CTEST_COMMAND-ADVANCED:INTERNAL=1
//Path to ctest program executable.
CMAKE_CTEST_COMMAND:INTERNAL=/usr/bin/ctest
//ADVANCED property for variable: CMAKE_CUDA_COMPILER
CMAKE_CUDA_COMPILER-ADVANCED:INTERNAL=1
//ADVANCED property for variable: CMAKE_CUDA_FLAGS
CMAKE_CUDA_FLAGS-ADVANCED:INTERNAL=1
//ADVANCED property for variable: CMAKE_CUDA_FLAGS_DEBUG
CMAKE_CUDA_FLAGS_DEBUG-ADVANCED:INTERNAL=1
//ADVANCED property for variable: CMAKE_CUDA_FLAGS_MINSIZEREL
CMAKE_CUDA_FLAGS_MINSIZEREL-ADVANCED:INTERNAL=1
//ADVANCED property for variable: CMAKE_CUDA_FLAGS_RELEASE
CMAKE_CUDA_FLAGS_RELEASE-ADVANCED:INTERNAL=1
//ADVANCED property for variable: CMAKE_CUDA_FLAGS_RELWITHDEBINFO
CMAKE_CUDA_FLAGS_RELWITHDEBINFO-ADVANCED:INTERNAL=1
//ADVANCED property for variable: CMAKE_CXX_COMPILER
CMAKE_CXX_COMPILER-ADVANCED:INTERNAL=1
//ADVANCED property for variable: CMAKE_CXX_COMPILER_AR
CMAKE_CXX_COMPILER_AR-ADVANCED:INTERNAL=1
//ADVANCED property for variable: CMAKE_CXX_COMPILER_RANLIB
CMAKE_CXX_COMPILER_RANLIB-ADVANCED:INTERNAL=1
//ADVANCED property for variable: CMAKE_CXX_FLAGS
CMAKE_CXX_FLAGS-ADVANCED:INTERNAL=1
//ADVANCED property for variable: CMAKE_CXX_FLAGS_DEBUG
CMAKE_CXX_FLAGS_DEBUG-ADVANCED:INTERNAL=1
//ADVANCED property for variable: CMAKE_CXX_FLAGS_MINSIZEREL
CMAKE_CXX_FLAGS_MINSIZEREL-ADVANCED:INTERNAL=1
//ADVANCED property for variable: CMAKE_CXX_FLAGS_RELEASE
CMAKE_CXX_FLAGS_RELEASE-ADVANCED:INTERNAL=1
//ADVANCED property for variable: CMAKE_CXX_FLAGS_RELWITHDEBINFO
CMAKE_CXX_FLAGS_RELWITHDEBINFO-ADVANCED:INTERNAL=1
//ADVANCED property for variable: CMAKE_DLLTOOL
CMAKE_DLLTOOL-ADVANCED:INTERNAL=1
//Path to cache edit program executable.
CMAKE_EDIT_COMMAND:INTERNAL=/usr/bin/ccmake
//Executable file format
CMAKE_EXECUTABLE_FORMAT:INTERNAL=ELF
//ADVANCED property for variable: CMAKE_EXE_LINKER_FLAGS
CMAKE_EXE_LINKER_FLAGS-ADVANCED:INTERNAL=1
//ADVANCED property for variable: CMAKE_EXE_LINKER_FLAGS_DEBUG
CMAKE_EXE_LINKER_FLAGS_DEBUG-ADVANCED:INTERNAL=1
//ADVANCED property for variable: CMAKE_EXE_LINKER_FLAGS_MINSIZEREL
CMAKE_EXE_LINKER_FLAGS_MINSIZEREL-ADVANCED:INTERNAL=1
//ADVANCED property for variable: CMAKE_EXE_LINKER_FLAGS_RELEASE
CMAKE_EXE_LINKER_FLAGS_RELEASE-ADVANCED:INTERNAL=1
//ADVANCED property for variable: CMAKE_EXE_LINKER_FLAGS_RELWITHDEBINFO
CMAKE_EXE_LINKER_FLAGS_RELWITHDEBINFO-ADVANCED:INTERNAL=1
//ADVANCED property for variable: CMAKE_EXPORT_COMPILE_COMMANDS
CMAKE_EXPORT_COMPILE_COMMANDS-ADVANCED:INTERNAL=1
//Name of external makefile project generator.
CMAKE_EXTRA_GENERATOR:INTERNAL=
//Name of generator.
CMAKE_GENERATOR:INTERNAL=Unix Makefiles
//Generator instance identifier.
CMAKE_GENERATOR_INSTANCE:INTERNAL=
//Name of generator platform.
CMAKE_GENERATOR_PLATFORM:INTERNAL=
//Name of generator toolset.
CMAKE_GENERATOR_TOOLSET:INTERNAL=
//Test CMAKE_HAVE_LIBC_PTHREAD
CMAKE_HAVE_LIBC_PTHREAD:INTERNAL=1
//Source directory with the top level CMakeLists.txt file for this
// project
CMAKE_HOME_DIRECTORY:INTERNAL=/home/ammar/work/cutlass_learninig
//ADVANCED property for variable: CMAKE_INSTALL_BINDIR
CMAKE_INSTALL_BINDIR-ADVANCED:INTERNAL=1
//ADVANCED property for variable: CMAKE_INSTALL_DATADIR
CMAKE_INSTALL_DATADIR-ADVANCED:INTERNAL=1
//ADVANCED property for variable: CMAKE_INSTALL_DATAROOTDIR
CMAKE_INSTALL_DATAROOTDIR-ADVANCED:INTERNAL=1
//ADVANCED property for variable: CMAKE_INSTALL_DOCDIR
CMAKE_INSTALL_DOCDIR-ADVANCED:INTERNAL=1
//ADVANCED property for variable: CMAKE_INSTALL_INCLUDEDIR
CMAKE_INSTALL_INCLUDEDIR-ADVANCED:INTERNAL=1
//ADVANCED property for variable: CMAKE_INSTALL_INFODIR
CMAKE_INSTALL_INFODIR-ADVANCED:INTERNAL=1
//ADVANCED property for variable: CMAKE_INSTALL_LIBDIR
CMAKE_INSTALL_LIBDIR-ADVANCED:INTERNAL=1
//ADVANCED property for variable: CMAKE_INSTALL_LIBEXECDIR
CMAKE_INSTALL_LIBEXECDIR-ADVANCED:INTERNAL=1
//ADVANCED property for variable: CMAKE_INSTALL_LOCALEDIR
CMAKE_INSTALL_LOCALEDIR-ADVANCED:INTERNAL=1
//ADVANCED property for variable: CMAKE_INSTALL_LOCALSTATEDIR
CMAKE_INSTALL_LOCALSTATEDIR-ADVANCED:INTERNAL=1
//ADVANCED property for variable: CMAKE_INSTALL_MANDIR
CMAKE_INSTALL_MANDIR-ADVANCED:INTERNAL=1
//ADVANCED property for variable: CMAKE_INSTALL_OLDINCLUDEDIR
CMAKE_INSTALL_OLDINCLUDEDIR-ADVANCED:INTERNAL=1
//ADVANCED property for variable: CMAKE_INSTALL_RUNSTATEDIR
CMAKE_INSTALL_RUNSTATEDIR-ADVANCED:INTERNAL=1
//ADVANCED property for variable: CMAKE_INSTALL_SBINDIR
CMAKE_INSTALL_SBINDIR-ADVANCED:INTERNAL=1
//ADVANCED property for variable: CMAKE_INSTALL_SHAREDSTATEDIR
CMAKE_INSTALL_SHAREDSTATEDIR-ADVANCED:INTERNAL=1
//Install .so files without execute permission.
CMAKE_INSTALL_SO_NO_EXE:INTERNAL=0
//ADVANCED property for variable: CMAKE_INSTALL_SYSCONFDIR
CMAKE_INSTALL_SYSCONFDIR-ADVANCED:INTERNAL=1
//ADVANCED property for variable: CMAKE_LINKER
CMAKE_LINKER-ADVANCED:INTERNAL=1
//ADVANCED property for variable: CMAKE_MAKE_PROGRAM
CMAKE_MAKE_PROGRAM-ADVANCED:INTERNAL=1
//ADVANCED property for variable: CMAKE_MODULE_LINKER_FLAGS
CMAKE_MODULE_LINKER_FLAGS-ADVANCED:INTERNAL=1
//ADVANCED property for variable: CMAKE_MODULE_LINKER_FLAGS_DEBUG
CMAKE_MODULE_LINKER_FLAGS_DEBUG-ADVANCED:INTERNAL=1
//ADVANCED property for variable: CMAKE_MODULE_LINKER_FLAGS_MINSIZEREL
CMAKE_MODULE_LINKER_FLAGS_MINSIZEREL-ADVANCED:INTERNAL=1
//ADVANCED property for variable: CMAKE_MODULE_LINKER_FLAGS_RELEASE
CMAKE_MODULE_LINKER_FLAGS_RELEASE-ADVANCED:INTERNAL=1
//ADVANCED property for variable: CMAKE_MODULE_LINKER_FLAGS_RELWITHDEBINFO
CMAKE_MODULE_LINKER_FLAGS_RELWITHDEBINFO-ADVANCED:INTERNAL=1
//ADVANCED property for variable: CMAKE_NM
CMAKE_NM-ADVANCED:INTERNAL=1
//number of local generators
CMAKE_NUMBER_OF_MAKEFILES:INTERNAL=103
//ADVANCED property for variable: CMAKE_OBJCOPY
CMAKE_OBJCOPY-ADVANCED:INTERNAL=1
//ADVANCED property for variable: CMAKE_OBJDUMP
CMAKE_OBJDUMP-ADVANCED:INTERNAL=1
//Platform information initialized
CMAKE_PLATFORM_INFO_INITIALIZED:INTERNAL=1
//ADVANCED property for variable: CMAKE_RANLIB
CMAKE_RANLIB-ADVANCED:INTERNAL=1
//ADVANCED property for variable: CMAKE_READELF
CMAKE_READELF-ADVANCED:INTERNAL=1
//Path to CMake installation.
CMAKE_ROOT:INTERNAL=/usr/share/cmake
//ADVANCED property for variable: CMAKE_SHARED_LINKER_FLAGS
CMAKE_SHARED_LINKER_FLAGS-ADVANCED:INTERNAL=1
//ADVANCED property for variable: CMAKE_SHARED_LINKER_FLAGS_DEBUG
CMAKE_SHARED_LINKER_FLAGS_DEBUG-ADVANCED:INTERNAL=1
//ADVANCED property for variable: CMAKE_SHARED_LINKER_FLAGS_MINSIZEREL
CMAKE_SHARED_LINKER_FLAGS_MINSIZEREL-ADVANCED:INTERNAL=1
//ADVANCED property for variable: CMAKE_SHARED_LINKER_FLAGS_RELEASE
CMAKE_SHARED_LINKER_FLAGS_RELEASE-ADVANCED:INTERNAL=1
//ADVANCED property for variable: CMAKE_SHARED_LINKER_FLAGS_RELWITHDEBINFO
CMAKE_SHARED_LINKER_FLAGS_RELWITHDEBINFO-ADVANCED:INTERNAL=1
//ADVANCED property for variable: CMAKE_SKIP_INSTALL_RPATH
CMAKE_SKIP_INSTALL_RPATH-ADVANCED:INTERNAL=1
//ADVANCED property for variable: CMAKE_SKIP_RPATH
CMAKE_SKIP_RPATH-ADVANCED:INTERNAL=1
//ADVANCED property for variable: CMAKE_STATIC_LINKER_FLAGS
CMAKE_STATIC_LINKER_FLAGS-ADVANCED:INTERNAL=1
//ADVANCED property for variable: CMAKE_STATIC_LINKER_FLAGS_DEBUG
CMAKE_STATIC_LINKER_FLAGS_DEBUG-ADVANCED:INTERNAL=1
//ADVANCED property for variable: CMAKE_STATIC_LINKER_FLAGS_MINSIZEREL
CMAKE_STATIC_LINKER_FLAGS_MINSIZEREL-ADVANCED:INTERNAL=1
//ADVANCED property for variable: CMAKE_STATIC_LINKER_FLAGS_RELEASE
CMAKE_STATIC_LINKER_FLAGS_RELEASE-ADVANCED:INTERNAL=1
//ADVANCED property for variable: CMAKE_STATIC_LINKER_FLAGS_RELWITHDEBINFO
CMAKE_STATIC_LINKER_FLAGS_RELWITHDEBINFO-ADVANCED:INTERNAL=1
//ADVANCED property for variable: CMAKE_STRIP
CMAKE_STRIP-ADVANCED:INTERNAL=1
//ADVANCED property for variable: CMAKE_TAPI
CMAKE_TAPI-ADVANCED:INTERNAL=1
//uname command
CMAKE_UNAME:INTERNAL=/usr/bin/uname
//ADVANCED property for variable: CMAKE_VERBOSE_MAKEFILE
CMAKE_VERBOSE_MAKEFILE-ADVANCED:INTERNAL=1
//ADVANCED property for variable: COVERAGE_COMMAND
COVERAGE_COMMAND-ADVANCED:INTERNAL=1
//ADVANCED property for variable: COVERAGE_EXTRA_FLAGS
COVERAGE_EXTRA_FLAGS-ADVANCED:INTERNAL=1
//ADVANCED property for variable: CPACK_BINARY_DEB
CPACK_BINARY_DEB-ADVANCED:INTERNAL=1
//ADVANCED property for variable: CPACK_BINARY_FREEBSD
CPACK_BINARY_FREEBSD-ADVANCED:INTERNAL=1
//ADVANCED property for variable: CPACK_BINARY_IFW
CPACK_BINARY_IFW-ADVANCED:INTERNAL=1
//ADVANCED property for variable: CPACK_BINARY_NSIS
CPACK_BINARY_NSIS-ADVANCED:INTERNAL=1
//ADVANCED property for variable: CPACK_BINARY_RPM
CPACK_BINARY_RPM-ADVANCED:INTERNAL=1
//ADVANCED property for variable: CPACK_BINARY_STGZ
CPACK_BINARY_STGZ-ADVANCED:INTERNAL=1
//ADVANCED property for variable: CPACK_BINARY_TBZ2
CPACK_BINARY_TBZ2-ADVANCED:INTERNAL=1
//ADVANCED property for variable: CPACK_BINARY_TGZ
CPACK_BINARY_TGZ-ADVANCED:INTERNAL=1
//ADVANCED property for variable: CPACK_BINARY_TXZ
CPACK_BINARY_TXZ-ADVANCED:INTERNAL=1
//ADVANCED property for variable: CPACK_BINARY_TZ
CPACK_BINARY_TZ-ADVANCED:INTERNAL=1
//ADVANCED property for variable: CPACK_SOURCE_RPM
CPACK_SOURCE_RPM-ADVANCED:INTERNAL=1
//ADVANCED property for variable: CPACK_SOURCE_TBZ2
CPACK_SOURCE_TBZ2-ADVANCED:INTERNAL=1
//ADVANCED property for variable: CPACK_SOURCE_TGZ
CPACK_SOURCE_TGZ-ADVANCED:INTERNAL=1
//ADVANCED property for variable: CPACK_SOURCE_TXZ
CPACK_SOURCE_TXZ-ADVANCED:INTERNAL=1
//ADVANCED property for variable: CPACK_SOURCE_TZ
CPACK_SOURCE_TZ-ADVANCED:INTERNAL=1
//ADVANCED property for variable: CPACK_SOURCE_ZIP
CPACK_SOURCE_ZIP-ADVANCED:INTERNAL=1
//ADVANCED property for variable: CTEST_SUBMIT_RETRY_COUNT
CTEST_SUBMIT_RETRY_COUNT-ADVANCED:INTERNAL=1
//ADVANCED property for variable: CTEST_SUBMIT_RETRY_DELAY
CTEST_SUBMIT_RETRY_DELAY-ADVANCED:INTERNAL=1
//ADVANCED property for variable: CUDAToolkit_CUPTI_INCLUDE_DIR
CUDAToolkit_CUPTI_INCLUDE_DIR-ADVANCED:INTERNAL=1
//ADVANCED property for variable: CUDAToolkit_rt_LIBRARY
CUDAToolkit_rt_LIBRARY-ADVANCED:INTERNAL=1
//ADVANCED property for variable: CUDA_64_BIT_DEVICE_CODE
CUDA_64_BIT_DEVICE_CODE-ADVANCED:INTERNAL=1
//ADVANCED property for variable: CUDA_ATTACH_VS_BUILD_RULE_TO_CUDA_FILE
CUDA_ATTACH_VS_BUILD_RULE_TO_CUDA_FILE-ADVANCED:INTERNAL=1
//ADVANCED property for variable: CUDA_BUILD_CUBIN
CUDA_BUILD_CUBIN-ADVANCED:INTERNAL=1
//ADVANCED property for variable: CUDA_BUILD_EMULATION
CUDA_BUILD_EMULATION-ADVANCED:INTERNAL=1
//ADVANCED property for variable: CUDA_CUDART
CUDA_CUDART-ADVANCED:INTERNAL=1
//ADVANCED property for variable: CUDA_CUDART_LIBRARY
CUDA_CUDART_LIBRARY-ADVANCED:INTERNAL=1
//ADVANCED property for variable: CUDA_CUDA_LIBRARY
CUDA_CUDA_LIBRARY-ADVANCED:INTERNAL=1
//ADVANCED property for variable: CUDA_GENERATED_OUTPUT_DIR
CUDA_GENERATED_OUTPUT_DIR-ADVANCED:INTERNAL=1
//ADVANCED property for variable: CUDA_HOST_COMPILATION_CPP
CUDA_HOST_COMPILATION_CPP-ADVANCED:INTERNAL=1
//ADVANCED property for variable: CUDA_NVCC_EXECUTABLE
CUDA_NVCC_EXECUTABLE-ADVANCED:INTERNAL=1
//ADVANCED property for variable: CUDA_NVCC_FLAGS
CUDA_NVCC_FLAGS-ADVANCED:INTERNAL=1
//ADVANCED property for variable: CUDA_NVCC_FLAGS_DEBUG
CUDA_NVCC_FLAGS_DEBUG-ADVANCED:INTERNAL=1
//ADVANCED property for variable: CUDA_NVCC_FLAGS_MINSIZEREL
CUDA_NVCC_FLAGS_MINSIZEREL-ADVANCED:INTERNAL=1
//ADVANCED property for variable: CUDA_NVCC_FLAGS_RELEASE
CUDA_NVCC_FLAGS_RELEASE-ADVANCED:INTERNAL=1
//ADVANCED property for variable: CUDA_NVCC_FLAGS_RELWITHDEBINFO
CUDA_NVCC_FLAGS_RELWITHDEBINFO-ADVANCED:INTERNAL=1
//ADVANCED property for variable: CUDA_OpenCL_LIBRARY
CUDA_OpenCL_LIBRARY-ADVANCED:INTERNAL=1
//ADVANCED property for variable: CUDA_PROPAGATE_HOST_FLAGS
CUDA_PROPAGATE_HOST_FLAGS-ADVANCED:INTERNAL=1
//This is the value of the last time CUDA_SDK_ROOT_DIR was set
// successfully.
CUDA_SDK_ROOT_DIR_INTERNAL:INTERNAL=CUDA_SDK_ROOT_DIR-NOTFOUND
//ADVANCED property for variable: CUDA_SEPARABLE_COMPILATION
CUDA_SEPARABLE_COMPILATION-ADVANCED:INTERNAL=1
//ADVANCED property for variable: CUDA_TOOLKIT_INCLUDE
CUDA_TOOLKIT_INCLUDE-ADVANCED:INTERNAL=1
//This is the value of the last time CUDA_TOOLKIT_ROOT_DIR was
// set successfully.
CUDA_TOOLKIT_ROOT_DIR_INTERNAL:INTERNAL=/usr/local/cuda
//This is the value of the last time CUDA_TOOLKIT_TARGET_DIR was
// set successfully.
CUDA_TOOLKIT_TARGET_DIR_INTERNAL:INTERNAL=/usr/local/cuda
//ADVANCED property for variable: CUDA_VERBOSE_BUILD
CUDA_VERBOSE_BUILD-ADVANCED:INTERNAL=1
//ADVANCED property for variable: CUDA_VERSION
CUDA_VERSION-ADVANCED:INTERNAL=1
//ADVANCED property for variable: CUDA_cuFile_LIBRARY
CUDA_cuFile_LIBRARY-ADVANCED:INTERNAL=1
//ADVANCED property for variable: CUDA_cuFile_rdma_LIBRARY
CUDA_cuFile_rdma_LIBRARY-ADVANCED:INTERNAL=1
//ADVANCED property for variable: CUDA_cuFile_rdma_static_LIBRARY
CUDA_cuFile_rdma_static_LIBRARY-ADVANCED:INTERNAL=1
//ADVANCED property for variable: CUDA_cuFile_static_LIBRARY
CUDA_cuFile_static_LIBRARY-ADVANCED:INTERNAL=1
//ADVANCED property for variable: CUDA_cublasLt_LIBRARY
CUDA_cublasLt_LIBRARY-ADVANCED:INTERNAL=1
//ADVANCED property for variable: CUDA_cublasLt_static_LIBRARY
CUDA_cublasLt_static_LIBRARY-ADVANCED:INTERNAL=1
//ADVANCED property for variable: CUDA_cublas_LIBRARY
CUDA_cublas_LIBRARY-ADVANCED:INTERNAL=1
//ADVANCED property for variable: CUDA_cublas_static_LIBRARY
CUDA_cublas_static_LIBRARY-ADVANCED:INTERNAL=1
//ADVANCED property for variable: CUDA_cuda_driver_LIBRARY
CUDA_cuda_driver_LIBRARY-ADVANCED:INTERNAL=1
//ADVANCED property for variable: CUDA_cudadevrt_LIBRARY
CUDA_cudadevrt_LIBRARY-ADVANCED:INTERNAL=1
//ADVANCED property for variable: CUDA_cudart_LIBRARY
CUDA_cudart_LIBRARY-ADVANCED:INTERNAL=1
//ADVANCED property for variable: CUDA_cudart_static_LIBRARY
CUDA_cudart_static_LIBRARY-ADVANCED:INTERNAL=1
//ADVANCED property for variable: CUDA_cudla_LIBRARY
CUDA_cudla_LIBRARY-ADVANCED:INTERNAL=1
//ADVANCED property for variable: CUDA_cufft_LIBRARY
CUDA_cufft_LIBRARY-ADVANCED:INTERNAL=1
//ADVANCED property for variable: CUDA_cufft_static_LIBRARY
CUDA_cufft_static_LIBRARY-ADVANCED:INTERNAL=1
//ADVANCED property for variable: CUDA_cufft_static_nocallback_LIBRARY
CUDA_cufft_static_nocallback_LIBRARY-ADVANCED:INTERNAL=1
//ADVANCED property for variable: CUDA_cufftw_LIBRARY
CUDA_cufftw_LIBRARY-ADVANCED:INTERNAL=1
//ADVANCED property for variable: CUDA_cufftw_static_LIBRARY
CUDA_cufftw_static_LIBRARY-ADVANCED:INTERNAL=1
//ADVANCED property for variable: CUDA_culibos_LIBRARY
CUDA_culibos_LIBRARY-ADVANCED:INTERNAL=1
//ADVANCED property for variable: CUDA_cupti_LIBRARY
CUDA_cupti_LIBRARY-ADVANCED:INTERNAL=1
//ADVANCED property for variable: CUDA_cupti_static_LIBRARY
CUDA_cupti_static_LIBRARY-ADVANCED:INTERNAL=1
//ADVANCED property for variable: CUDA_curand_LIBRARY
CUDA_curand_LIBRARY-ADVANCED:INTERNAL=1
//ADVANCED property for variable: CUDA_curand_static_LIBRARY
CUDA_curand_static_LIBRARY-ADVANCED:INTERNAL=1
//ADVANCED property for variable: CUDA_cusolver_LIBRARY
CUDA_cusolver_LIBRARY-ADVANCED:INTERNAL=1
//ADVANCED property for variable: CUDA_cusolver_lapack_static_LIBRARY
CUDA_cusolver_lapack_static_LIBRARY-ADVANCED:INTERNAL=1
//ADVANCED property for variable: CUDA_cusolver_metis_static_LIBRARY
CUDA_cusolver_metis_static_LIBRARY-ADVANCED:INTERNAL=1
//ADVANCED property for variable: CUDA_cusolver_static_LIBRARY
CUDA_cusolver_static_LIBRARY-ADVANCED:INTERNAL=1
//ADVANCED property for variable: CUDA_cusparse_LIBRARY
CUDA_cusparse_LIBRARY-ADVANCED:INTERNAL=1
//ADVANCED property for variable: CUDA_cusparse_static_LIBRARY
CUDA_cusparse_static_LIBRARY-ADVANCED:INTERNAL=1
//Location of make2cmake.cmake
CUDA_make2cmake:INTERNAL=/usr/share/cmake/Modules/FindCUDA/make2cmake.cmake
//ADVANCED property for variable: CUDA_nppc_LIBRARY
CUDA_nppc_LIBRARY-ADVANCED:INTERNAL=1
//ADVANCED property for variable: CUDA_nppc_static_LIBRARY
CUDA_nppc_static_LIBRARY-ADVANCED:INTERNAL=1
//ADVANCED property for variable: CUDA_nppial_LIBRARY
CUDA_nppial_LIBRARY-ADVANCED:INTERNAL=1
//ADVANCED property for variable: CUDA_nppial_static_LIBRARY
CUDA_nppial_static_LIBRARY-ADVANCED:INTERNAL=1
//ADVANCED property for variable: CUDA_nppicc_LIBRARY
CUDA_nppicc_LIBRARY-ADVANCED:INTERNAL=1
//ADVANCED property for variable: CUDA_nppicc_static_LIBRARY
CUDA_nppicc_static_LIBRARY-ADVANCED:INTERNAL=1
//ADVANCED property for variable: CUDA_nppicom_LIBRARY
CUDA_nppicom_LIBRARY-ADVANCED:INTERNAL=1
//ADVANCED property for variable: CUDA_nppicom_static_LIBRARY
CUDA_nppicom_static_LIBRARY-ADVANCED:INTERNAL=1
//ADVANCED property for variable: CUDA_nppidei_LIBRARY
CUDA_nppidei_LIBRARY-ADVANCED:INTERNAL=1
//ADVANCED property for variable: CUDA_nppidei_static_LIBRARY
CUDA_nppidei_static_LIBRARY-ADVANCED:INTERNAL=1
//ADVANCED property for variable: CUDA_nppif_LIBRARY
CUDA_nppif_LIBRARY-ADVANCED:INTERNAL=1
//ADVANCED property for variable: CUDA_nppif_static_LIBRARY
CUDA_nppif_static_LIBRARY-ADVANCED:INTERNAL=1
//ADVANCED property for variable: CUDA_nppig_LIBRARY
CUDA_nppig_LIBRARY-ADVANCED:INTERNAL=1
//ADVANCED property for variable: CUDA_nppig_static_LIBRARY
CUDA_nppig_static_LIBRARY-ADVANCED:INTERNAL=1
//ADVANCED property for variable: CUDA_nppim_LIBRARY
CUDA_nppim_LIBRARY-ADVANCED:INTERNAL=1
//ADVANCED property for variable: CUDA_nppim_static_LIBRARY
CUDA_nppim_static_LIBRARY-ADVANCED:INTERNAL=1
//ADVANCED property for variable: CUDA_nppist_LIBRARY
CUDA_nppist_LIBRARY-ADVANCED:INTERNAL=1
//ADVANCED property for variable: CUDA_nppist_static_LIBRARY
CUDA_nppist_static_LIBRARY-ADVANCED:INTERNAL=1
//ADVANCED property for variable: CUDA_nppisu_LIBRARY
CUDA_nppisu_LIBRARY-ADVANCED:INTERNAL=1
//ADVANCED property for variable: CUDA_nppisu_static_LIBRARY
CUDA_nppisu_static_LIBRARY-ADVANCED:INTERNAL=1
//ADVANCED property for variable: CUDA_nppitc_LIBRARY
CUDA_nppitc_LIBRARY-ADVANCED:INTERNAL=1
//ADVANCED property for variable: CUDA_nppitc_static_LIBRARY
CUDA_nppitc_static_LIBRARY-ADVANCED:INTERNAL=1
//ADVANCED property for variable: CUDA_npps_LIBRARY
CUDA_npps_LIBRARY-ADVANCED:INTERNAL=1
//ADVANCED property for variable: CUDA_npps_static_LIBRARY
CUDA_npps_static_LIBRARY-ADVANCED:INTERNAL=1
//ADVANCED property for variable: CUDA_nvJitLink_LIBRARY
CUDA_nvJitLink_LIBRARY-ADVANCED:INTERNAL=1
//ADVANCED property for variable: CUDA_nvJitLink_static_LIBRARY
CUDA_nvJitLink_static_LIBRARY-ADVANCED:INTERNAL=1
//ADVANCED property for variable: CUDA_nvToolsExt_LIBRARY
CUDA_nvToolsExt_LIBRARY-ADVANCED:INTERNAL=1
//ADVANCED property for variable: CUDA_nvfatbin_LIBRARY
CUDA_nvfatbin_LIBRARY-ADVANCED:INTERNAL=1
//ADVANCED property for variable: CUDA_nvfatbin_static_LIBRARY
CUDA_nvfatbin_static_LIBRARY-ADVANCED:INTERNAL=1
//ADVANCED property for variable: CUDA_nvgraph_LIBRARY
CUDA_nvgraph_LIBRARY-ADVANCED:INTERNAL=1
//ADVANCED property for variable: CUDA_nvgraph_static_LIBRARY
CUDA_nvgraph_static_LIBRARY-ADVANCED:INTERNAL=1
//ADVANCED property for variable: CUDA_nvjpeg_LIBRARY
CUDA_nvjpeg_LIBRARY-ADVANCED:INTERNAL=1
//ADVANCED property for variable: CUDA_nvjpeg_static_LIBRARY
CUDA_nvjpeg_static_LIBRARY-ADVANCED:INTERNAL=1
//ADVANCED property for variable: CUDA_nvml_LIBRARY
CUDA_nvml_LIBRARY-ADVANCED:INTERNAL=1
//ADVANCED property for variable: CUDA_nvml_static_LIBRARY
CUDA_nvml_static_LIBRARY-ADVANCED:INTERNAL=1
//ADVANCED property for variable: CUDA_nvperf_host_LIBRARY
CUDA_nvperf_host_LIBRARY-ADVANCED:INTERNAL=1
//ADVANCED property for variable: CUDA_nvperf_host_static_LIBRARY
CUDA_nvperf_host_static_LIBRARY-ADVANCED:INTERNAL=1
//ADVANCED property for variable: CUDA_nvperf_target_LIBRARY
CUDA_nvperf_target_LIBRARY-ADVANCED:INTERNAL=1
//ADVANCED property for variable: CUDA_nvptxcompiler_static_LIBRARY
CUDA_nvptxcompiler_static_LIBRARY-ADVANCED:INTERNAL=1
//ADVANCED property for variable: CUDA_nvrtc_LIBRARY
CUDA_nvrtc_LIBRARY-ADVANCED:INTERNAL=1
//ADVANCED property for variable: CUDA_nvrtc_builtins_LIBRARY
CUDA_nvrtc_builtins_LIBRARY-ADVANCED:INTERNAL=1
//ADVANCED property for variable: CUDA_nvrtc_builtins_static_LIBRARY
CUDA_nvrtc_builtins_static_LIBRARY-ADVANCED:INTERNAL=1
//ADVANCED property for variable: CUDA_nvrtc_static_LIBRARY
CUDA_nvrtc_static_LIBRARY-ADVANCED:INTERNAL=1
//Location of parse_cubin.cmake
CUDA_parse_cubin:INTERNAL=/usr/share/cmake/Modules/FindCUDA/parse_cubin.cmake
//ADVANCED property for variable: CUDA_pcsamplingutil_LIBRARY
CUDA_pcsamplingutil_LIBRARY-ADVANCED:INTERNAL=1
//ADVANCED property for variable: CUDA_rt_LIBRARY
CUDA_rt_LIBRARY-ADVANCED:INTERNAL=1
//Location of run_nvcc.cmake
CUDA_run_nvcc:INTERNAL=/usr/share/cmake/Modules/FindCUDA/run_nvcc.cmake
CUTLASS_CTEST_GENERATED_FILES:INTERNAL=ctest/ctest_profiler/CTestTestfile.ctest_profiler.cmake;ctest/ctest_examples_00_basic_gemm/CTestTestfile.ctest_examples_00_basic_gemm.cmake;ctest/ctest_examples_01_cutlass_utilities/CTestTestfile.ctest_examples_01_cutlass_utilities.cmake;ctest/ctest_examples_02_dump_reg_shmem/CTestTestfile.ctest_examples_02_dump_reg_shmem.cmake;ctest/ctest_examples_03_visualize_layout/CTestTestfile.ctest_examples_03_visualize_layout.cmake;ctest/ctest_examples_04_tile_iterator/CTestTestfile.ctest_examples_04_tile_iterator.cmake;ctest/ctest_examples_05_batched_gemm/CTestTestfile.ctest_examples_05_batched_gemm.cmake;ctest/ctest_examples_06_splitK_gemm/CTestTestfile.ctest_examples_06_splitK_gemm.cmake;ctest/ctest_examples_07_volta_tensorop_gemm/CTestTestfile.ctest_examples_07_volta_tensorop_gemm.cmake;ctest/ctest_examples_08_turing_tensorop_gemm/CTestTestfile.ctest_examples_08_turing_tensorop_gemm.cmake;ctest/ctest_examples_09_turing_tensorop_conv2dfprop/CTestTestfile.ctest_examples_09_turing_tensorop_conv2dfprop.cmake;ctest/ctest_examples_10_planar_complex/CTestTestfile.ctest_examples_10_planar_complex.cmake;ctest/ctest_examples_11_planar_complex_array/CTestTestfile.ctest_examples_11_planar_complex_array.cmake;ctest/ctest_examples_12_gemm_bias_relu/CTestTestfile.ctest_examples_12_gemm_bias_relu.cmake;ctest/ctest_examples_13_fused_two_convs_f16_sm75_rf/CTestTestfile.ctest_examples_13_fused_two_convs_f16_sm75_rf.cmake;ctest/ctest_examples_13_fused_two_convs_f16_sm75_shmem/CTestTestfile.ctest_examples_13_fused_two_convs_f16_sm75_shmem.cmake;ctest/ctest_examples_13_fused_two_convs_f16_sm80_rf/CTestTestfile.ctest_examples_13_fused_two_convs_f16_sm80_rf.cmake;ctest/ctest_examples_13_fused_two_convs_f16_sm80_shmem/CTestTestfile.ctest_examples_13_fused_two_convs_f16_sm80_shmem.cmake;ctest/ctest_examples_13_fused_two_convs_s8_sm75_rf/CTestTestfile.ctest_examples_13_fused_two_convs_s8_sm75_rf.cmake;ctest/ctest_examples_13_fused_two_convs_s8_sm75_shmem/CTestTestfile.ctest_examples_13_fused_two_convs_s8_sm75_shmem.cmake;ctest/ctest_examples_13_fused_two_convs_s8_sm80_rf/CTestTestfile.ctest_examples_13_fused_two_convs_s8_sm80_rf.cmake;ctest/ctest_examples_13_fused_two_convs_s8_sm80_shmem/CTestTestfile.ctest_examples_13_fused_two_convs_s8_sm80_shmem.cmake;ctest/ctest_examples_13_fused_two_gemms_f16_sm75_rf/CTestTestfile.ctest_examples_13_fused_two_gemms_f16_sm75_rf.cmake;ctest/ctest_examples_13_fused_two_gemms_f16_sm75_shmem/CTestTestfile.ctest_examples_13_fused_two_gemms_f16_sm75_shmem.cmake;ctest/ctest_examples_13_fused_two_gemms_grouped_f16_sm80_rf/CTestTestfile.ctest_examples_13_fused_two_gemms_grouped_f16_sm80_rf.cmake;ctest/ctest_examples_13_fused_two_gemms_f16_sm80_rf/CTestTestfile.ctest_examples_13_fused_two_gemms_f16_sm80_rf.cmake;ctest/ctest_examples_13_fused_two_gemms_f16_sm80_shmem/CTestTestfile.ctest_examples_13_fused_two_gemms_f16_sm80_shmem.cmake;ctest/ctest_examples_13_fused_two_gemms_s8_sm75_rf/CTestTestfile.ctest_examples_13_fused_two_gemms_s8_sm75_rf.cmake;ctest/ctest_examples_13_fused_two_gemms_s8_sm75_shmem/CTestTestfile.ctest_examples_13_fused_two_gemms_s8_sm75_shmem.cmake;ctest/ctest_examples_13_fused_two_gemms_s8_sm80_rf/CTestTestfile.ctest_examples_13_fused_two_gemms_s8_sm80_rf.cmake;ctest/ctest_examples_13_fused_two_gemms_s8_sm80_shmem/CTestTestfile.ctest_examples_13_fused_two_gemms_s8_sm80_shmem.cmake;ctest/ctest_examples_14_ampere_tf32_tensorop_gemm/CTestTestfile.ctest_examples_14_ampere_tf32_tensorop_gemm.cmake;ctest/ctest_examples_15_ampere_sparse_tensorop_gemm/CTestTestfile.ctest_examples_15_ampere_sparse_tensorop_gemm.cmake;ctest/ctest_examples_15_ampere_sparse_tensorop_gemm_universal/CTestTestfile.ctest_examples_15_ampere_sparse_tensorop_gemm_universal.cmake;ctest/ctest_examples_15_ampere_sparse_tensorop_gemm_with_visitor/CTestTestfile.ctest_examples_15_ampere_sparse_tensorop_gemm_with_visitor.cmake;ctest/ctest_examples_16_ampere_tensorop_conv2dfprop/CTestTestfile.ctest_examples_16_ampere_tensorop_conv2dfprop.cmake;ctest/ctest_examples_17_fprop_per_channel_bias/CTestTestfile.ctest_examples_17_fprop_per_channel_bias.cmake;ctest/ctest_examples_18_ampere_fp64_tensorop_affine2_gemm/CTestTestfile.ctest_examples_18_ampere_fp64_tensorop_affine2_gemm.cmake;ctest/ctest_examples_19_tensorop_canonical/CTestTestfile.ctest_examples_19_tensorop_canonical.cmake;ctest/ctest_examples_20_simt_canonical/CTestTestfile.ctest_examples_20_simt_canonical.cmake;ctest/ctest_examples_21_quaternion_gemm/CTestTestfile.ctest_examples_21_quaternion_gemm.cmake;ctest/ctest_examples_22_quaternion_conv/CTestTestfile.ctest_examples_22_quaternion_conv.cmake;ctest/ctest_examples_23_ampere_gemm_operand_reduction_fusion/CTestTestfile.ctest_examples_23_ampere_gemm_operand_reduction_fusion.cmake;ctest/ctest_examples_24_gemm_grouped/CTestTestfile.ctest_examples_24_gemm_grouped.cmake;ctest/ctest_examples_25_ampere_fprop_mainloop_fusion/CTestTestfile.ctest_examples_25_ampere_fprop_mainloop_fusion.cmake;ctest/ctest_examples_25_ampere_3d_fprop_mainloop_fusion/CTestTestfile.ctest_examples_25_ampere_3d_fprop_mainloop_fusion.cmake;ctest/ctest_examples_26_ampere_wgrad_mainloop_fusion/CTestTestfile.ctest_examples_26_ampere_wgrad_mainloop_fusion.cmake;ctest/ctest_examples_27_ampere_3xtf32_fast_accurate_tensorop_gemm/CTestTestfile.ctest_examples_27_ampere_3xtf32_fast_accurate_tensorop_gemm.cmake;ctest/ctest_examples_28_ampere_3xtf32_fast_accurate_tensorop_fprop/CTestTestfile.ctest_examples_28_ampere_3xtf32_fast_accurate_tensorop_fprop.cmake;ctest/ctest_examples_29_3xtf32_complex_gemm/CTestTestfile.ctest_examples_29_3xtf32_complex_gemm.cmake;ctest/ctest_examples_30_wgrad_split_k/CTestTestfile.ctest_examples_30_wgrad_split_k.cmake;ctest/ctest_examples_31_basic_syrk/CTestTestfile.ctest_examples_31_basic_syrk.cmake;ctest/ctest_examples_32_basic_trmm/CTestTestfile.ctest_examples_32_basic_trmm.cmake;ctest/ctest_examples_33_ampere_3xtf32_tensorop_symm/CTestTestfile.ctest_examples_33_ampere_3xtf32_tensorop_symm.cmake;ctest/ctest_examples_34_transposed_conv2d/CTestTestfile.ctest_examples_34_transposed_conv2d.cmake;ctest/ctest_examples_35_gemm_softmax/CTestTestfile.ctest_examples_35_gemm_softmax.cmake;ctest/ctest_examples_36_gather_scatter_fusion/CTestTestfile.ctest_examples_36_gather_scatter_fusion.cmake;ctest/ctest_examples_37_gemm_layernorm_gemm_fusion/CTestTestfile.ctest_examples_37_gemm_layernorm_gemm_fusion.cmake;ctest/ctest_examples_38_syr2k_grouped/CTestTestfile.ctest_examples_38_syr2k_grouped.cmake;ctest/ctest_examples_cute_tutorial_wgmma_sm90/CTestTestfile.ctest_examples_cute_tutorial_wgmma_sm90.cmake;ctest/ctest_examples_cute_tutorial_wgmma_tma_sm90/CTestTestfile.ctest_examples_cute_tutorial_wgmma_tma_sm90.cmake;ctest/ctest_examples_cute_tutorial_01_mma_sm100/CTestTestfile.ctest_examples_cute_tutorial_01_mma_sm100.cmake;ctest/ctest_examples_cute_tutorial_02_mma_tma_sm100/CTestTestfile.ctest_examples_cute_tutorial_02_mma_tma_sm100.cmake;ctest/ctest_examples_cute_tutorial_03_mma_tma_multicast_sm100/CTestTestfile.ctest_examples_cute_tutorial_03_mma_tma_multicast_sm100.cmake;ctest/ctest_examples_cute_tutorial_04_mma_tma_2sm_sm100/CTestTestfile.ctest_examples_cute_tutorial_04_mma_tma_2sm_sm100.cmake;ctest/ctest_examples_cute_tutorial_05_mma_tma_epi_sm100/CTestTestfile.ctest_examples_cute_tutorial_05_mma_tma_epi_sm100.cmake;ctest/ctest_examples_cute_tutorial_sgemm_1/CTestTestfile.ctest_examples_cute_tutorial_sgemm_1.cmake;ctest/ctest_examples_cute_tutorial_sgemm_2/CTestTestfile.ctest_examples_cute_tutorial_sgemm_2.cmake;ctest/ctest_examples_cute_tutorial_sgemm_sm70/CTestTestfile.ctest_examples_cute_tutorial_sgemm_sm70.cmake;ctest/ctest_examples_cute_tutorial_sgemm_sm80/CTestTestfile.ctest_examples_cute_tutorial_sgemm_sm80.cmake;ctest/ctest_examples_cute_tutorial_tiled_copy/CTestTestfile.ctest_examples_cute_tutorial_tiled_copy.cmake;ctest/ctest_examples_cute_tutorial_tiled_copy_if/CTestTestfile.ctest_examples_cute_tutorial_tiled_copy_if.cmake;ctest/ctest_examples_39_gemm_permute/CTestTestfile.ctest_examples_39_gemm_permute.cmake;ctest/ctest_examples_41_fused_multi_head_attention_fixed_seqlen/CTestTestfile.ctest_examples_41_fused_multi_head_attention_fixed_seqlen.cmake;ctest/ctest_examples_41_fused_multi_head_attention_variable_seqlen/CTestTestfile.ctest_examples_41_fused_multi_head_attention_variable_seqlen.cmake;ctest/ctest_examples_41_fused_multi_head_attention_backward/CTestTestfile.ctest_examples_41_fused_multi_head_attention_backward.cmake;ctest/ctest_examples_42_ampere_tensorop_group_conv/CTestTestfile.ctest_examples_42_ampere_tensorop_group_conv.cmake;ctest/ctest_examples_43_ell_block_sparse_gemm/CTestTestfile.ctest_examples_43_ell_block_sparse_gemm.cmake;ctest/ctest_examples_45_dual_gemm/CTestTestfile.ctest_examples_45_dual_gemm.cmake;ctest/ctest_examples_46_depthwise_simt_conv2dfprop/CTestTestfile.ctest_examples_46_depthwise_simt_conv2dfprop.cmake;ctest/ctest_examples_47_ampere_gemm_universal_streamk/CTestTestfile.ctest_examples_47_ampere_gemm_universal_streamk.cmake;ctest/ctest_examples_47_ampere_gemm_universal_streamk_broadcast/CTestTestfile.ctest_examples_47_ampere_gemm_universal_streamk_broadcast.cmake;ctest/ctest_examples_48_hopper_warp_specialized_gemm/CTestTestfile.ctest_examples_48_hopper_warp_specialized_gemm.cmake;ctest/ctest_examples_49_collective_builder/CTestTestfile.ctest_examples_49_collective_builder.cmake;ctest/ctest_examples_50_hopper_gemm_with_epilogue_swizzle/CTestTestfile.ctest_examples_50_hopper_gemm_with_epilogue_swizzle.cmake;ctest/ctest_examples_51_hopper_gett/CTestTestfile.ctest_examples_51_hopper_gett.cmake;ctest/ctest_examples_52_hopper_gather_scatter_fusion/CTestTestfile.ctest_examples_52_hopper_gather_scatter_fusion.cmake;ctest/ctest_examples_53_hopper_gemm_permute/CTestTestfile.ctest_examples_53_hopper_gemm_permute.cmake;ctest/ctest_examples_54_hopper_fp8_warp_specialized_gemm/CTestTestfile.ctest_examples_54_hopper_fp8_warp_specialized_gemm.cmake;ctest/ctest_examples_55_hopper_mixed_dtype_gemm/CTestTestfile.ctest_examples_55_hopper_mixed_dtype_gemm.cmake;ctest/ctest_examples_55_hopper_int4_fp8_gemm/CTestTestfile.ctest_examples_55_hopper_int4_fp8_gemm.cmake;ctest/ctest_examples_55_hopper_int4_bf16_gemm/CTestTestfile.ctest_examples_55_hopper_int4_bf16_gemm.cmake;ctest/ctest_examples_56_hopper_ptr_array_batched_gemm/CTestTestfile.ctest_examples_56_hopper_ptr_array_batched_gemm.cmake;ctest/ctest_examples_57_hopper_grouped_gemm/CTestTestfile.ctest_examples_57_hopper_grouped_gemm.cmake;ctest/ctest_examples_58_ada_fp8_gemm/CTestTestfile.ctest_examples_58_ada_fp8_gemm.cmake;ctest/ctest_examples_59_ampere_gather_scatter_conv/CTestTestfile.ctest_examples_59_ampere_gather_scatter_conv.cmake;ctest/ctest_examples_61_hopper_gemm_with_topk_and_softmax/CTestTestfile.ctest_examples_61_hopper_gemm_with_topk_and_softmax.cmake;ctest/ctest_examples_62_hopper_sparse_gemm/CTestTestfile.ctest_examples_62_hopper_sparse_gemm.cmake;ctest/ctest_examples_63_hopper_gemm_with_weight_prefetch/CTestTestfile.ctest_examples_63_hopper_gemm_with_weight_prefetch.cmake;ctest/ctest_examples_64_ada_fp8_gemm_grouped/CTestTestfile.ctest_examples_64_ada_fp8_gemm_grouped.cmake;ctest/ctest_examples_65_distributed_gemm/CTestTestfile.ctest_examples_65_distributed_gemm.cmake;ctest/ctest_examples_67_hopper_fp8_warp_specialized_gemm_with_blockwise_scaling/CTestTestfile.ctest_examples_67_hopper_fp8_warp_specialized_gemm_with_blockwise_scaling.cmake;ctest/ctest_examples_67_hopper_fp8_warp_specialized_gemm_with_groupwise_scaling/CTestTestfile.ctest_examples_67_hopper_fp8_warp_specialized_gemm_with_groupwise_scaling.cmake;ctest/ctest_examples_68_hopper_fp8_warp_specialized_grouped_gemm_with_blockwise_scaling/CTestTestfile.ctest_examples_68_hopper_fp8_warp_specialized_grouped_gemm_with_blockwise_scaling.cmake;ctest/ctest_examples_68_hopper_fp8_warp_specialized_grouped_gemm_with_blockwise_scaling_with_sparse_groups/CTestTestfile.ctest_examples_68_hopper_fp8_warp_specialized_grouped_gemm_with_blockwise_scaling_with_sparse_groups.cmake;ctest/ctest_examples_69_hopper_mixed_dtype_grouped_gemm/CTestTestfile.ctest_examples_69_hopper_mixed_dtype_grouped_gemm.cmake;ctest/ctest_examples_69_hopper_int4_fp8_grouped_gemm/CTestTestfile.ctest_examples_69_hopper_int4_fp8_grouped_gemm.cmake;ctest/ctest_examples_69_hopper_int4_bf16_grouped_gemm/CTestTestfile.ctest_examples_69_hopper_int4_bf16_grouped_gemm.cmake;ctest/ctest_examples_70_blackwell_fp16_gemm/CTestTestfile.ctest_examples_70_blackwell_fp16_gemm.cmake;ctest/ctest_examples_70_blackwell_fp8_gemm/CTestTestfile.ctest_examples_70_blackwell_fp8_gemm.cmake;ctest/ctest_examples_71_blackwell_gemm_with_collective_builder/CTestTestfile.ctest_examples_71_blackwell_gemm_with_collective_builder.cmake;ctest/ctest_examples_72a_blackwell_nvfp4_bf16_gemm/CTestTestfile.ctest_examples_72a_blackwell_nvfp4_bf16_gemm.cmake;ctest/ctest_examples_72b_blackwell_nvfp4_nvfp4_gemm/CTestTestfile.ctest_examples_72b_blackwell_nvfp4_nvfp4_gemm.cmake;ctest/ctest_examples_72c_blackwell_mixed_mxfp8_bf16_gemm/CTestTestfile.ctest_examples_72c_blackwell_mixed_mxfp8_bf16_gemm.cmake;ctest/ctest_examples_73_blackwell_gemm_preferred_cluster/CTestTestfile.ctest_examples_73_blackwell_gemm_preferred_cluster.cmake;ctest/ctest_examples_74_blackwell_gemm_streamk/CTestTestfile.ctest_examples_74_blackwell_gemm_streamk.cmake;ctest/ctest_examples_75_blackwell_grouped_gemm/CTestTestfile.ctest_examples_75_blackwell_grouped_gemm.cmake;ctest/ctest_examples_75_blackwell_grouped_gemm_block_scaled/CTestTestfile.ctest_examples_75_blackwell_grouped_gemm_block_scaled.cmake;ctest/ctest_examples_76_blackwell_conv_fprop/CTestTestfile.ctest_examples_76_blackwell_conv_fprop.cmake;ctest/ctest_examples_76_blackwell_conv_dgrad/CTestTestfile.ctest_examples_76_blackwell_conv_dgrad.cmake;ctest/ctest_examples_76_blackwell_conv_wgrad/CTestTestfile.ctest_examples_76_blackwell_conv_wgrad.cmake;ctest/ctest_examples_77_blackwell_fmha_fp8/CTestTestfile.ctest_examples_77_blackwell_fmha_fp8.cmake;ctest/ctest_examples_77_blackwell_fmha_gen_fp8/CTestTestfile.ctest_examples_77_blackwell_fmha_gen_fp8.cmake;ctest/ctest_examples_77_blackwell_mla_2sm_fp8/CTestTestfile.ctest_examples_77_blackwell_mla_2sm_fp8.cmake;ctest/ctest_examples_77_blackwell_mla_2sm_cpasync_fp8/CTestTestfile.ctest_examples_77_blackwell_mla_2sm_cpasync_fp8.cmake;ctest/ctest_examples_77_blackwell_fmha_bwd_fp8/CTestTestfile.ctest_examples_77_blackwell_fmha_bwd_fp8.cmake;ctest/ctest_examples_77_blackwell_mla_fwd_fp8/CTestTestfile.ctest_examples_77_blackwell_mla_fwd_fp8.cmake;ctest/ctest_examples_77_blackwell_fmha_fp16/CTestTestfile.ctest_examples_77_blackwell_fmha_fp16.cmake;ctest/ctest_examples_77_blackwell_fmha_gen_fp16/CTestTestfile.ctest_examples_77_blackwell_fmha_gen_fp16.cmake;ctest/ctest_examples_77_blackwell_mla_2sm_fp16/CTestTestfile.ctest_examples_77_blackwell_mla_2sm_fp16.cmake;ctest/ctest_examples_77_blackwell_mla_2sm_cpasync_fp16/CTestTestfile.ctest_examples_77_blackwell_mla_2sm_cpasync_fp16.cmake;ctest/ctest_examples_77_blackwell_fmha_bwd_fp16/CTestTestfile.ctest_examples_77_blackwell_fmha_bwd_fp16.cmake;ctest/ctest_examples_77_blackwell_mla_fwd_fp16/CTestTestfile.ctest_examples_77_blackwell_mla_fwd_fp16.cmake;ctest/ctest_examples_78_blackwell_emulated_bf16x9_gemm/CTestTestfile.ctest_examples_78_blackwell_emulated_bf16x9_gemm.cmake;ctest/ctest_examples_79a_blackwell_geforce_nvfp4_bf16_gemm/CTestTestfile.ctest_examples_79a_blackwell_geforce_nvfp4_bf16_gemm.cmake;ctest/ctest_examples_79b_blackwell_geforce_nvfp4_nvfp4_gemm/CTestTestfile.ctest_examples_79b_blackwell_geforce_nvfp4_nvfp4_gemm.cmake;ctest/ctest_examples_79c_blackwell_geforce_mixed_mxfp8_mxfp6_bf16_gemm/CTestTestfile.ctest_examples_79c_blackwell_geforce_mixed_mxfp8_mxfp6_bf16_gemm.cmake;ctest/ctest_examples_79d_blackwell_geforce_nvfp4_grouped_gemm/CTestTestfile.ctest_examples_79d_blackwell_geforce_nvfp4_grouped_gemm.cmake;ctest/ctest_examples_80a_blackwell_geforce_mxfp8_bf16_sparse_gemm/CTestTestfile.ctest_examples_80a_blackwell_geforce_mxfp8_bf16_sparse_gemm.cmake;ctest/ctest_examples_80b_blackwell_geforce_nvfp4_nvfp4_sparse_gemm/CTestTestfile.ctest_examples_80b_blackwell_geforce_nvfp4_nvfp4_sparse_gemm.cmake;ctest/ctest_examples_81_blackwell_gemm_blockwise/CTestTestfile.ctest_examples_81_blackwell_gemm_blockwise.cmake;ctest/ctest_examples_81_blackwell_gemm_groupwise/CTestTestfile.ctest_examples_81_blackwell_gemm_groupwise.cmake;ctest/ctest_examples_81_blackwell_grouped_gemm_blockwise/CTestTestfile.ctest_examples_81_blackwell_grouped_gemm_blockwise.cmake;ctest/ctest_examples_81_blackwell_grouped_gemm_groupwise/CTestTestfile.ctest_examples_81_blackwell_grouped_gemm_groupwise.cmake;ctest/ctest_examples_82_blackwell_distributed_gemm/CTestTestfile.ctest_examples_82_blackwell_distributed_gemm.cmake;ctest/ctest_examples_83_blackwell_sparse_gemm/CTestTestfile.ctest_examples_83_blackwell_sparse_gemm.cmake;ctest/ctest_examples_84a_blackwell_nvfp4_bf16_sparse_gemm/CTestTestfile.ctest_examples_84a_blackwell_nvfp4_bf16_sparse_gemm.cmake;ctest/ctest_examples_84b_blackwell_mixed_mxfp8_bf16_sparse_gemm/CTestTestfile.ctest_examples_84b_blackwell_mixed_mxfp8_bf16_sparse_gemm.cmake;ctest/ctest_examples_86_blackwell_mixed_dtype_gemm/CTestTestfile.ctest_examples_86_blackwell_mixed_dtype_gemm.cmake;ctest/ctest_examples_87a_blackwell_geforce_fp8_bf16_gemm_blockwise/CTestTestfile.ctest_examples_87a_blackwell_geforce_fp8_bf16_gemm_blockwise.cmake;ctest/ctest_examples_87b_blackwell_geforce_fp8_bf16_gemm_groupwise/CTestTestfile.ctest_examples_87b_blackwell_geforce_fp8_bf16_gemm_groupwise.cmake;ctest/ctest_examples_87c_blackwell_geforce_fp8_bf16_grouped_gemm_groupwise/CTestTestfile.ctest_examples_87c_blackwell_geforce_fp8_bf16_grouped_gemm_groupwise.cmake;ctest/ctest_examples_88_hopper_fmha/CTestTestfile.ctest_examples_88_hopper_fmha.cmake;ctest/ctest_examples_88_hopper_fmha_fp8/CTestTestfile.ctest_examples_88_hopper_fmha_fp8.cmake;ctest/ctest_examples_89_sm103_fp4_ultra_gemm/CTestTestfile.ctest_examples_89_sm103_fp4_ultra_gemm.cmake;ctest/ctest_examples_90_sm103_fp4_ultra_grouped_gemm/CTestTestfile.ctest_examples_90_sm103_fp4_ultra_grouped_gemm.cmake;ctest/ctest_examples_91_fp4_gemv/CTestTestfile.ctest_examples_91_fp4_gemv.cmake;ctest/ctest_examples_92_blackwell_moe_gemm_regular/CTestTestfile.ctest_examples_92_blackwell_moe_gemm_regular.cmake;ctest/ctest_examples_92_blackwell_moe_gemm_grouped/CTestTestfile.ctest_examples_92_blackwell_moe_gemm_grouped.cmake;ctest/ctest_examples_92_blackwell_moe_gemm_rcgrouped/CTestTestfile.ctest_examples_92_blackwell_moe_gemm_rcgrouped.cmake;ctest/ctest_examples_92_blackwell_moe_gemm_blockscaled_rcgrouped/CTestTestfile.ctest_examples_92_blackwell_moe_gemm_blockscaled_rcgrouped.cmake;ctest/ctest_examples_92_blackwell_moe_gemm_fp4_regular/CTestTestfile.ctest_examples_92_blackwell_moe_gemm_fp4_regular.cmake;ctest/ctest_examples_92_blackwell_moe_gemm_fp4_grouped/CTestTestfile.ctest_examples_92_blackwell_moe_gemm_fp4_grouped.cmake;ctest/ctest_examples_93_blackwell_low_latency_gqa/CTestTestfile.ctest_examples_93_blackwell_low_latency_gqa.cmake;ctest/ctest_examples_94_ada_fp8_blockwise/CTestTestfile.ctest_examples_94_ada_fp8_blockwise.cmake;ctest/ctest_examples_111_hopper_ssd/CTestTestfile.ctest_examples_111_hopper_ssd.cmake;ctest/ctest_examples_112_blackwell_ssd/CTestTestfile.ctest_examples_112_blackwell_ssd.cmake
//Location of generator scripts
CUTLASS_GENERATOR_DIR:INTERNAL=/home/ammar/work/cutlass_learninig/third_party/cutlass/tools/library
//STRINGS property for variable: CUTLASS_TEST_LEVEL
CUTLASS_TEST_LEVEL-STRINGS:INTERNAL=0;1;2
CUTLASS_TOOLS_UTIL_INCLUDE_DIR:INTERNAL=/home/ammar/work/cutlass_learninig/third_party/cutlass/tools/util/include
//ADVANCED property for variable: DART_TESTING_TIMEOUT
DART_TESTING_TIMEOUT-ADVANCED:INTERNAL=1
//ADVANCED property for variable: DOXYGEN_DOT_EXECUTABLE
DOXYGEN_DOT_EXECUTABLE-ADVANCED:INTERNAL=1
//ADVANCED property for variable: DOXYGEN_EXECUTABLE
DOXYGEN_EXECUTABLE-ADVANCED:INTERNAL=1
//Details about finding CUDA
FIND_PACKAGE_MESSAGE_DETAILS_CUDA:INTERNAL=[/usr/local/cuda][/usr/local/cuda/bin/nvcc][/usr/local/cuda/include][/usr/local/cuda/lib64/libcudart_static.a][v13.1()]
//Details about finding CUDAToolkit
FIND_PACKAGE_MESSAGE_DETAILS_CUDAToolkit:INTERNAL=[/usr/local/cuda/targets/x86_64-linux/include;/usr/local/cuda/targets/x86_64-linux/include/cccl][/usr/local/cuda/lib64/libcudart.so][/usr/local/cuda/bin][v13.1.115()]
//Details about finding Python3
FIND_PACKAGE_MESSAGE_DETAILS_Python3:INTERNAL=[/usr/bin/python3.14][cfound components: Interpreter ][v3.14.2(3.5)]
//Details about finding Threads
FIND_PACKAGE_MESSAGE_DETAILS_Threads:INTERNAL=[TRUE][v()]
//ADVANCED property for variable: GITCOMMAND
GITCOMMAND-ADVANCED:INTERNAL=1
//ADVANCED property for variable: MAKECOMMAND
MAKECOMMAND-ADVANCED:INTERNAL=1
//ADVANCED property for variable: MEMORYCHECK_COMMAND
MEMORYCHECK_COMMAND-ADVANCED:INTERNAL=1
//ADVANCED property for variable: MEMORYCHECK_SUPPRESSIONS_FILE
MEMORYCHECK_SUPPRESSIONS_FILE-ADVANCED:INTERNAL=1
//ADVANCED property for variable: SITE
SITE-ADVANCED:INTERNAL=1
//CMAKE_INSTALL_PREFIX during last run
_GNUInstallDirs_LAST_CMAKE_INSTALL_PREFIX:INTERNAL=/usr/local
//Compiler reason failure
_Python3_Compiler_REASON_FAILURE:INTERNAL=
//Development reason failure
_Python3_Development_REASON_FAILURE:INTERNAL=
_Python3_EXECUTABLE:INTERNAL=/usr/bin/python3.14
//Python3 Properties
_Python3_INTERPRETER_PROPERTIES:INTERNAL=Python;3;14;2;64;32;<none>;cpython-314-x86_64-linux-gnu;abi3;/usr/lib64/python3.14;/usr/local/lib64/python3.14;/usr/local/lib/python3.14/site-packages;/usr/local/lib64/python3.14/site-packages
_Python3_INTERPRETER_SIGNATURE:INTERNAL=3bf3d4a11a6246bc9624d29f98b51476
//NumPy reason failure
_Python3_NumPy_REASON_FAILURE:INTERNAL=
__CUTLASS_CUDA_CLANG_FLAGS:INTERNAL=-DCUTLASS_TEST_LEVEL=0;--cuda-include-ptx=all
__CUTLASS_CUDA_CLANG_FLAGS_DEBUG:INTERNAL=
__CUTLASS_CUDA_CLANG_FLAGS_RELEASE:INTERNAL=
__CUTLASS_CUDA_CLANG_FLAGS_RELWITHDEBINFO:INTERNAL=
__CUTLASS_CUDA_FLAGS:INTERNAL=-DCUTLASS_ENABLE_TENSOR_CORE_MMA=1;-DCUTLASS_ENABLE_GDC_FOR_SM100=1
__CUTLASS_CUDA_FLAGS_DEBUG:INTERNAL=
__CUTLASS_CUDA_FLAGS_RELEASE:INTERNAL=
__CUTLASS_CUDA_FLAGS_RELWITHDEBINFO:INTERNAL=
__CUTLASS_CUDA_NVCC_FLAGS:INTERNAL=--expt-relaxed-constexpr;-ftemplate-backtrace-limit=0;-DCUTLASS_TEST_LEVEL=0;-DCUTLASS_TEST_ENABLE_CACHED_RESULTS=1;-DCUTLASS_CONV_UNIT_TEST_RIGOROUS_SIZE_ENABLED=1;-DCUTLASS_DEBUG_TRACE_LEVEL=0;-DCUTLASS_SM100_FAMILY_ARCHS_ENABLED;-DCUTLASS_SM100_FAMILY_ARCHS_ENABLED;-Xcompiler=-Wconversion;-Xcompiler=-fno-strict-aliasing
__CUTLASS_CUDA_NVCC_FLAGS_DEBUG:INTERNAL=
__CUTLASS_CUDA_NVCC_FLAGS_RELEASE:INTERNAL=
__CUTLASS_CUDA_NVCC_FLAGS_RELWITHDEBINFO:INTERNAL=

